#
# A fatal error has been detected by the Java Runtime Environment:
#
#  SIGSEGV (0xb) at pc=0x00007fff8eeb10dd, pid=743, tid=17667
#
# JRE version: Java(TM) SE Runtime Environment (8.0_60-b27) (build 1.8.0_60-b27)
# Java VM: Java HotSpot(TM) 64-Bit Server VM (25.60-b23 mixed mode bsd-amd64 compressed oops)
# Problematic frame:
# C  [libobjc.A.dylib+0x10dd]  objc_msgSend+0x1d
#
# Failed to write core dump. Core dumps have been disabled. To enable core dumping, try "ulimit -c unlimited" before starting Java again
#
# If you would like to submit a bug report, please visit:
#   http://bugreport.java.com/bugreport/crash.jsp
# The crash happened outside the Java Virtual Machine in native code.
# See problematic frame for where to report the bug.
#

---------------  T H R E A D  ---------------

Current thread (0x00007ff4a3a1f800):  JavaThread "QuantumRenderer-0" daemon [_thread_in_native, id=17667, stack(0x000000011e9f7000,0x000000011eaf7000)]

siginfo: si_signo: 11 (SIGSEGV), si_code: 1 (SEGV_MAPERR), si_addr: 0x0000000000000018

Registers:
RAX=0x00007ff4a3485920, RBX=0x0000000000000000, RCX=0x0000000000000000, RDX=0x00007ff4a3488bf0
RSP=0x000000011eaf5e18, RBP=0x000000011eaf5e60, RSI=0x00007fff95b2013c, RDI=0x00007ff4a3488bf0
R8 =0x0000000000000002, R9 =0x00007ff4a3400000, R10=0x00007fff95b2013c, R11=0x0000000000000000
R12=0x00007fff8eeb10c0, R13=0x0000000000000000, R14=0x00007ff4a3485920, R15=0x0000000000000000
RIP=0x00007fff8eeb10dd, EFLAGS=0x0000000000010246, ERR=0x0000000000000004
  TRAPNO=0x000000000000000e

Top of Stack: (sp=0x000000011eaf5e18)
0x000000011eaf5e18:   00007fff95414c9d 0000000000000000
0x000000011eaf5e28:   0000000000000000 0000000000000000
0x000000011eaf5e38:   0000000000000000 0000000000000000
0x000000011eaf5e48:   0000000000000000 00007fff8eeb10c0
0x000000011eaf5e58:   0000000000000000 000000011eaf5ed0
0x000000011eaf5e68:   000000011e7f76cb 000000011eaf5efc
0x000000011eaf5e78:   00007ff4a3488bf0 00007ff4a3432830
0x000000011eaf5e88:   00007ff4a3485920 000000011eaf5ed0
0x000000011eaf5e98:   000000010651da8d 39006923494cfac5
0x000000011eaf5ea8:   0000000106a22280 00007ff4a3485920
0x000000011eaf5eb8:   0000000000000000 000000011eaf5fb0
0x000000011eaf5ec8:   00007ff4a3488bf0 000000011eaf5f30
0x000000011eaf5ed8:   000000011e7f7067 00007ff4a3a1f800
0x000000011eaf5ee8:   000000011b8060d8 00007ff4a3a1f800
0x000000011eaf5ef8:   000000011b8060d8 39006923494cfac5
0x000000011eaf5f08:   000000011b8060d8 0000000000000000
0x000000011eaf5f18:   000000011b8060d8 000000011eaf5fb0
0x000000011eaf5f28:   00007ff4a3a1f800 000000011eaf5f90
0x000000011eaf5f38:   00000001072a1954 00000001072ad823
0x000000011eaf5f48:   00000001072a16a2 000000011eaf5f50
0x000000011eaf5f58:   000000011b8060d8 000000011eaf5fb0
0x000000011eaf5f68:   000000011b8110a0 0000000000000000
0x000000011eaf5f78:   000000011b8060d8 0000000000000000
0x000000011eaf5f88:   000000011eaf5fb0 000000011eaf6000
0x000000011eaf5f98:   0000000107293760 0000000795b82798
0x000000011eaf5fa8:   000000010729b577 0000000795b96bb8
0x000000011eaf5fb8:   0000000795b95180 000000011eaf5fc0
0x000000011eaf5fc8:   000000011b8067e1 000000011eaf6028
0x000000011eaf5fd8:   000000011b8110a0 0000000000000000
0x000000011eaf5fe8:   000000011b806810 000000011eaf5fb0
0x000000011eaf5ff8:   000000011eaf6018 000000011eaf6070
0x000000011eaf6008:   0000000107293420 0000000795b96bb8 

Instructions: (pc=0x00007fff8eeb10dd)
0x00007fff8eeb10bd:   00 00 00 48 85 ff 2e 74 7a 40 f6 c7 01 2e 75 7e
0x00007fff8eeb10cd:   49 bb f8 ff ff ff ff 7f 00 00 4c 23 1f 49 89 f2
0x00007fff8eeb10dd:   45 23 53 18 49 c1 e2 04 4d 03 53 10 49 3b 32 75
0x00007fff8eeb10ed:   04 41 ff 62 08 49 83 3a 00 74 6a 4d 3b 53 10 74 

Register to memory mapping:

RAX=0x00007ff4a3485920 is an unknown value
RBX=0x0000000000000000 is an unknown value
RCX=0x0000000000000000 is an unknown value
RDX=0x00007ff4a3488bf0 is an unknown value
RSP=0x000000011eaf5e18 is pointing into the stack for thread: 0x00007ff4a3a1f800
RBP=0x000000011eaf5e60 is pointing into the stack for thread: 0x00007ff4a3a1f800
RSI=0x00007fff95b2013c: -[NSTitlebarContainerView shouldRoundCorners]+0x5cd5e in /System/Library/Frameworks/AppKit.framework/Versions/C/AppKit at 0x00007fff9514f000
RDI=0x00007ff4a3488bf0 is an unknown value
R8 =0x0000000000000002 is an unknown value
R9 =0x00007ff4a3400000 is an unknown value
R10=0x00007fff95b2013c: -[NSTitlebarContainerView shouldRoundCorners]+0x5cd5e in /System/Library/Frameworks/AppKit.framework/Versions/C/AppKit at 0x00007fff9514f000
R11=0x0000000000000000 is an unknown value
R12=0x00007fff8eeb10c0: objc_msgSend+0 in /usr/lib/libobjc.A.dylib at 0x00007fff8eeb0000
R13=0x0000000000000000 is an unknown value
R14=0x00007ff4a3485920 is an unknown value
R15=0x0000000000000000 is an unknown value


Stack: [0x000000011e9f7000,0x000000011eaf7000],  sp=0x000000011eaf5e18,  free space=1019k
Native frames: (J=compiled Java code, j=interpreted, Vv=VM code, C=native code)
C  [libobjc.A.dylib+0x10dd]  objc_msgSend+0x1d
C  [libprism_es2.dylib+0x86cb]  createContext+0x12b
C  [libprism_es2.dylib+0x8067]  Java_com_sun_prism_es2_MacGLFactory_nInitialize+0x77
j  com.sun.prism.es2.MacGLFactory.nInitialize([I)J+0
j  com.sun.prism.es2.MacGLFactory.initialize(Ljava/lang/Class;Lcom/sun/prism/es2/GLPixelFormat$Attributes;)Z+73
j  com.sun.prism.es2.ES2Pipeline.<clinit>()V+49
v  ~StubRoutines::call_stub
V  [libjvm.dylib+0x2eab0e]  JavaCalls::call_helper(JavaValue*, methodHandle*, JavaCallArguments*, Thread*)+0x6ae
V  [libjvm.dylib+0x2bdc69]  InstanceKlass::call_class_initializer_impl(instanceKlassHandle, Thread*)+0xbf
V  [libjvm.dylib+0x2bf171]  InstanceKlass::initialize_impl(instanceKlassHandle, Thread*)+0x4b5
V  [libjvm.dylib+0x2bf407]  InstanceKlass::initialize(Thread*)+0x3d
V  [libjvm.dylib+0x342dd7]  find_class_from_class_loader(JNIEnv_*, Symbol*, unsigned char, Handle, Handle, unsigned char, Thread*)+0x56
V  [libjvm.dylib+0x34d2a2]  JVM_FindClassFromCaller+0x135
C  [libjava.dylib+0x236d]  Java_java_lang_Class_forName0+0x13f
j  java.lang.Class.forName0(Ljava/lang/String;ZLjava/lang/ClassLoader;Ljava/lang/Class;)Ljava/lang/Class;+0
j  java.lang.Class.forName(Ljava/lang/String;)Ljava/lang/Class;+11
j  com.sun.prism.GraphicsPipeline.createPipeline()Lcom/sun/prism/GraphicsPipeline;+232
j  com.sun.javafx.tk.quantum.QuantumRenderer$PipelineRunnable.init()V+0
j  com.sun.javafx.tk.quantum.QuantumRenderer$PipelineRunnable.run()V+1
j  java.lang.Thread.run()V+11
v  ~StubRoutines::call_stub
V  [libjvm.dylib+0x2eab0e]  JavaCalls::call_helper(JavaValue*, methodHandle*, JavaCallArguments*, Thread*)+0x6ae
V  [libjvm.dylib+0x2eb29c]  JavaCalls::call_virtual(JavaValue*, KlassHandle, Symbol*, Symbol*, JavaCallArguments*, Thread*)+0x164
V  [libjvm.dylib+0x2eb448]  JavaCalls::call_virtual(JavaValue*, Handle, KlassHandle, Symbol*, Symbol*, Thread*)+0x4a
V  [libjvm.dylib+0x345965]  thread_entry(JavaThread*, Thread*)+0x7c
V  [libjvm.dylib+0x5612d3]  JavaThread::thread_main_inner()+0x9b
V  [libjvm.dylib+0x5629ce]  JavaThread::run()+0x1c2
V  [libjvm.dylib+0x48343a]  java_start(Thread*)+0xf6
C  [libsystem_pthread.dylib+0x3268]  _pthread_body+0x83
C  [libsystem_pthread.dylib+0x31e5]  _pthread_body+0x0
C  [libsystem_pthread.dylib+0x141d]  thread_start+0xd
C  0x0000000000000000

Java frames: (J=compiled Java code, j=interpreted, Vv=VM code)
j  com.sun.prism.es2.MacGLFactory.nInitialize([I)J+0
j  com.sun.prism.es2.MacGLFactory.initialize(Ljava/lang/Class;Lcom/sun/prism/es2/GLPixelFormat$Attributes;)Z+73
j  com.sun.prism.es2.ES2Pipeline.<clinit>()V+49
v  ~StubRoutines::call_stub
j  java.lang.Class.forName0(Ljava/lang/String;ZLjava/lang/ClassLoader;Ljava/lang/Class;)Ljava/lang/Class;+0
j  java.lang.Class.forName(Ljava/lang/String;)Ljava/lang/Class;+11
j  com.sun.prism.GraphicsPipeline.createPipeline()Lcom/sun/prism/GraphicsPipeline;+232
j  com.sun.javafx.tk.quantum.QuantumRenderer$PipelineRunnable.init()V+0
j  com.sun.javafx.tk.quantum.QuantumRenderer$PipelineRunnable.run()V+1
j  java.lang.Thread.run()V+11
v  ~StubRoutines::call_stub

---------------  P R O C E S S  ---------------

Java Threads: ( => current thread )
=>0x00007ff4a3a1f800 JavaThread "QuantumRenderer-0" daemon [_thread_in_native, id=17667, stack(0x000000011e9f7000,0x000000011eaf7000)]
  0x00007ff4a3881000 JavaThread "Service Thread" daemon [_thread_blocked, id=16643, stack(0x000000011e54e000,0x000000011e64e000)]
  0x00007ff4a4060800 JavaThread "C1 CompilerThread1" daemon [_thread_blocked, id=16131, stack(0x000000011e44b000,0x000000011e54b000)]
  0x00007ff4a381e000 JavaThread "C2 CompilerThread0" daemon [_thread_blocked, id=15619, stack(0x000000011e348000,0x000000011e448000)]
  0x00007ff4a405d800 JavaThread "Signal Dispatcher" daemon [_thread_blocked, id=15131, stack(0x000000011e245000,0x000000011e345000)]
  0x00007ff4a3825000 JavaThread "Finalizer" daemon [_thread_blocked, id=10499, stack(0x000000011c910000,0x000000011ca10000)]
  0x00007ff4a3810800 JavaThread "Reference Handler" daemon [_thread_blocked, id=9987, stack(0x000000011c80d000,0x000000011c90d000)]
  0x00007ff4a4003800 JavaThread "main" [_thread_blocked, id=4867, stack(0x000000010718a000,0x000000010728a000)]

Other Threads:
  0x00007ff4a404e800 VMThread [stack: 0x000000011c70a000,0x000000011c80a000] [id=9475]
  0x00007ff4a3829000 WatcherThread [stack: 0x000000011e651000,0x000000011e751000] [id=17155]

VM state:not at safepoint (normal execution)

VM Mutex/Monitor currently owned by a thread: None

Heap:
 PSYoungGen      total 38400K, used 6658K [0x0000000795580000, 0x0000000798000000, 0x00000007c0000000)
  eden space 33280K, 20% used [0x0000000795580000,0x0000000795c00978,0x0000000797600000)
  from space 5120K, 0% used [0x0000000797b00000,0x0000000797b00000,0x0000000798000000)
  to   space 5120K, 0% used [0x0000000797600000,0x0000000797600000,0x0000000797b00000)
 ParOldGen       total 87552K, used 0K [0x0000000740000000, 0x0000000745580000, 0x0000000795580000)
  object space 87552K, 0% used [0x0000000740000000,0x0000000740000000,0x0000000745580000)
 Metaspace       used 5786K, capacity 5926K, committed 6144K, reserved 1056768K
  class space    used 644K, capacity 726K, committed 768K, reserved 1048576K

Card table byte_map: [0x000000011664c000,0x0000000116a4d000] byte_map_base: 0x0000000112c4c000

Marking Bits: (ParMarkBitMap*) 0x0000000106adee20
 Begin Bits: [0x0000000116efe000, 0x0000000118efe000)
 End Bits:   [0x0000000118efe000, 0x000000011aefe000)

Polling page: 0x0000000105d5a000

CodeCache: size=245760Kb used=1777Kb max_used=1788Kb free=243982Kb
 bounds [0x000000010728c000, 0x00000001074fc000, 0x000000011628c000]
 total_blobs=678 nmethods=366 adapters=226
 compilation: enabled

Compilation events (10 events):
Event: 0.817 Thread 0x00007ff4a4060800 nmethod 361 0x0000000107442890 code [0x00000001074429e0, 0x0000000107442ad0]
Event: 0.825 Thread 0x00007ff4a4060800  363       1       java.util.jar.Manifest::getMainAttributes (5 bytes)
Event: 0.825 Thread 0x00007ff4a4060800 nmethod 363 0x00000001074425d0 code [0x0000000107442720, 0x0000000107442830]
Event: 0.825 Thread 0x00007ff4a4060800  364       1       sun.misc.URLClassPath$Loader::getBaseURL (5 bytes)
Event: 0.825 Thread 0x00007ff4a4060800 nmethod 364 0x0000000107442310 code [0x0000000107442460, 0x0000000107442570]
Event: 0.825 Thread 0x00007ff4a4060800  366       1       java.util.jar.JarFile::access$300 (5 bytes)
Event: 0.825 Thread 0x00007ff4a4060800 nmethod 366 0x0000000107442050 code [0x00000001074421a0, 0x0000000107442290]
Event: 0.831 Thread 0x00007ff4a381e000 nmethod 362 0x000000010744b050 code [0x000000010744b1c0, 0x000000010744b718]
Event: 0.831 Thread 0x00007ff4a381e000  365       4       java.util.Arrays::copyOfRange (63 bytes)
Event: 0.834 Thread 0x00007ff4a381e000 nmethod 365 0x0000000107441b90 code [0x0000000107441ce0, 0x0000000107441ef8]

GC Heap History (0 events):
No events

Deoptimization events (1 events):
Event: 0.326 Thread 0x00007ff4a4003800 Uncommon trap: reason=unstable_if action=reinterpret pc=0x00000001073bd02c method=java.lang.String.hashCode()I @ 14

Internal exceptions (9 events):
Event: 0.042 Thread 0x00007ff4a4003800 Exception <a 'java/lang/NoSuchMethodError': Method sun.misc.Unsafe.defineClass(Ljava/lang/String;[BII)Ljava/lang/Class; name or signature does not match> (0x0000000795592f10) thrown at [/Users/java_re/workspace/8-2-build-macosx-x86_64/jdk8u60/4407/hotspot
Event: 0.042 Thread 0x00007ff4a4003800 Exception <a 'java/lang/NoSuchMethodError': Method sun.misc.Unsafe.prefetchRead(Ljava/lang/Object;J)V name or signature does not match> (0x00000007955931f8) thrown at [/Users/java_re/workspace/8-2-build-macosx-x86_64/jdk8u60/4407/hotspot/src/share/vm/prim
Event: 0.455 Thread 0x00007ff4a4003800 Exception <a 'java/lang/NoSuchFieldError': method resolution failed> (0x0000000795917000) thrown at [/Users/java_re/workspace/8-2-build-macosx-x86_64/jdk8u60/4407/hotspot/src/share/vm/prims/methodHandles.cpp, line 1146]
Event: 0.457 Thread 0x00007ff4a4003800 Exception <a 'java/lang/NoSuchFieldError': method resolution failed> (0x0000000795924380) thrown at [/Users/java_re/workspace/8-2-build-macosx-x86_64/jdk8u60/4407/hotspot/src/share/vm/prims/methodHandles.cpp, line 1146]
Event: 0.521 Thread 0x00007ff4a4003800 Exception <a 'java/security/PrivilegedActionException'> (0x00000007959b28d0) thrown at [/Users/java_re/workspace/8-2-build-macosx-x86_64/jdk8u60/4407/hotspot/src/share/vm/prims/jvm.cpp, line 1386]
Event: 0.521 Thread 0x00007ff4a4003800 Exception <a 'java/security/PrivilegedActionException'> (0x00000007959b2ae0) thrown at [/Users/java_re/workspace/8-2-build-macosx-x86_64/jdk8u60/4407/hotspot/src/share/vm/prims/jvm.cpp, line 1386]
Event: 0.522 Thread 0x00007ff4a4003800 Exception <a 'java/security/PrivilegedActionException'> (0x00000007959b7110) thrown at [/Users/java_re/workspace/8-2-build-macosx-x86_64/jdk8u60/4407/hotspot/src/share/vm/prims/jvm.cpp, line 1386]
Event: 0.522 Thread 0x00007ff4a4003800 Exception <a 'java/security/PrivilegedActionException'> (0x00000007959b7320) thrown at [/Users/java_re/workspace/8-2-build-macosx-x86_64/jdk8u60/4407/hotspot/src/share/vm/prims/jvm.cpp, line 1386]
Event: 0.522 Thread 0x00007ff4a4003800 Exception <a 'java/lang/NullPointerException'> (0x00000007959b7b10) thrown at [/Users/java_re/workspace/8-2-build-macosx-x86_64/jdk8u60/4407/hotspot/src/share/vm/interpreter/linkResolver.cpp, line 1178]

Events (10 events):
Event: 0.820 loading class com/sun/prism/es2/MacGLContext
Event: 0.821 loading class com/sun/prism/es2/MacGLContext done
Event: 0.822 loading class com/sun/prism/es2/GLDrawable
Event: 0.822 loading class com/sun/prism/es2/GLDrawable done
Event: 0.822 loading class com/sun/prism/es2/MacGLDrawable
Event: 0.822 loading class com/sun/prism/es2/MacGLDrawable done
Event: 0.822 loading class com/sun/prism/es2/MacGLPixelFormat
Event: 0.822 loading class com/sun/prism/es2/MacGLPixelFormat done
Event: 0.823 loading class com/sun/prism/es2/GLGPUInfo
Event: 0.823 loading class com/sun/prism/es2/GLGPUInfo done


Dynamic libraries:
0x000000000c12a000 	/System/Library/Frameworks/Cocoa.framework/Versions/A/Cocoa
0x000000000c12a000 	/System/Library/Frameworks/Security.framework/Versions/A/Security
0x000000000c12a000 	/System/Library/Frameworks/ApplicationServices.framework/Versions/A/ApplicationServices
0x000000000c12a000 	/usr/lib/libz.1.dylib
0x000000000c12a000 	/usr/lib/libSystem.B.dylib
0x000000000c12a000 	/usr/lib/libobjc.A.dylib
0x000000000c12a000 	/System/Library/Frameworks/CoreFoundation.framework/Versions/A/CoreFoundation
0x000000000c12a000 	/System/Library/Frameworks/Foundation.framework/Versions/C/Foundation
0x000000000c12a000 	/System/Library/Frameworks/AppKit.framework/Versions/C/AppKit
0x000000000c12a000 	/System/Library/Frameworks/CoreData.framework/Versions/A/CoreData
0x000000000c12a000 	/System/Library/PrivateFrameworks/RemoteViewServices.framework/Versions/A/RemoteViewServices
0x000000000c12a000 	/System/Library/PrivateFrameworks/UIFoundation.framework/Versions/A/UIFoundation
0x000000000c12a000 	/System/Library/Frameworks/IOSurface.framework/Versions/A/IOSurface
0x000000000c12a000 	/System/Library/Frameworks/AudioToolbox.framework/Versions/A/AudioToolbox
0x000000000c12a000 	/System/Library/Frameworks/AudioUnit.framework/Versions/A/AudioUnit
0x000000000c12a000 	/System/Library/PrivateFrameworks/DataDetectorsCore.framework/Versions/A/DataDetectorsCore
0x000000000c12a000 	/System/Library/PrivateFrameworks/DesktopServicesPriv.framework/Versions/A/DesktopServicesPriv
0x000000000c12a000 	/System/Library/Frameworks/Carbon.framework/Versions/A/Frameworks/HIToolbox.framework/Versions/A/HIToolbox
0x000000000c12a000 	/System/Library/Frameworks/QuartzCore.framework/Versions/A/QuartzCore
0x000000000c12a000 	/System/Library/Frameworks/Carbon.framework/Versions/A/Frameworks/SpeechRecognition.framework/Versions/A/SpeechRecognition
0x000000000c12a000 	/usr/lib/libauto.dylib
0x000000000c12a000 	/usr/lib/libicucore.A.dylib
0x000000000c12a000 	/usr/lib/libxml2.2.dylib
0x000000000c12a000 	/System/Library/PrivateFrameworks/CoreUI.framework/Versions/A/CoreUI
0x000000000c12a000 	/System/Library/Frameworks/CoreAudio.framework/Versions/A/CoreAudio
0x000000000c12a000 	/System/Library/Frameworks/DiskArbitration.framework/Versions/A/DiskArbitration
0x000000000c12a000 	/usr/lib/liblangid.dylib
0x000000000c12a000 	/System/Library/PrivateFrameworks/MultitouchSupport.framework/Versions/A/MultitouchSupport
0x000000000c12a000 	/System/Library/Frameworks/IOKit.framework/Versions/A/IOKit
0x000000000c12a000 	/usr/lib/libDiagnosticMessagesClient.dylib
0x000000000c12a000 	/System/Library/Frameworks/CoreServices.framework/Versions/A/CoreServices
0x000000000c12a000 	/System/Library/PrivateFrameworks/PerformanceAnalysis.framework/Versions/A/PerformanceAnalysis
0x000000000c12a000 	/System/Library/PrivateFrameworks/GenerationalStorage.framework/Versions/A/GenerationalStorage
0x000000000c12a000 	/System/Library/Frameworks/OpenGL.framework/Versions/A/OpenGL
0x000000000c12a000 	/System/Library/PrivateFrameworks/Sharing.framework/Versions/A/Sharing
0x000000000c12a000 	/System/Library/Frameworks/CoreGraphics.framework/Versions/A/CoreGraphics
0x000000000c12a000 	/System/Library/Frameworks/CoreText.framework/Versions/A/CoreText
0x000000000c12a000 	/System/Library/Frameworks/ImageIO.framework/Versions/A/ImageIO
0x000000000c12a000 	/usr/lib/libextension.dylib
0x000000000c12a000 	/System/Library/PrivateFrameworks/Backup.framework/Versions/A/Backup
0x000000000c12a000 	/usr/lib/libarchive.2.dylib
0x000000000c12a000 	/System/Library/Frameworks/CFNetwork.framework/Versions/A/CFNetwork
0x000000000c12a000 	/System/Library/Frameworks/SystemConfiguration.framework/Versions/A/SystemConfiguration
0x000000000c12a000 	/usr/lib/libCRFSuite.dylib
0x000000000c12a000 	/usr/lib/libc++.1.dylib
0x000000000c12a000 	/usr/lib/libc++abi.dylib
0x000000000c12a000 	/usr/lib/system/libcache.dylib
0x000000000c12a000 	/usr/lib/system/libcommonCrypto.dylib
0x000000000c12a000 	/usr/lib/system/libcompiler_rt.dylib
0x000000000c12a000 	/usr/lib/system/libcopyfile.dylib
0x000000000c12a000 	/usr/lib/system/libcorecrypto.dylib
0x000000000c12a000 	/usr/lib/system/libdispatch.dylib
0x000000000c12a000 	/usr/lib/system/libdyld.dylib
0x000000000c12a000 	/usr/lib/system/libkeymgr.dylib
0x000000000c12a000 	/usr/lib/system/liblaunch.dylib
0x000000000c12a000 	/usr/lib/system/libmacho.dylib
0x000000000c12a000 	/usr/lib/system/libquarantine.dylib
0x000000000c12a000 	/usr/lib/system/libremovefile.dylib
0x000000000c12a000 	/usr/lib/system/libsystem_asl.dylib
0x000000000c12a000 	/usr/lib/system/libsystem_blocks.dylib
0x000000000c12a000 	/usr/lib/system/libsystem_c.dylib
0x000000000c12a000 	/usr/lib/system/libsystem_configuration.dylib
0x000000000c12a000 	/usr/lib/system/libsystem_coreservices.dylib
0x000000000c12a000 	/usr/lib/system/libsystem_coretls.dylib
0x000000000c12a000 	/usr/lib/system/libsystem_dnssd.dylib
0x000000000c12a000 	/usr/lib/system/libsystem_info.dylib
0x000000000c12a000 	/usr/lib/system/libsystem_kernel.dylib
0x000000000c12a000 	/usr/lib/system/libsystem_m.dylib
0x000000000c12a000 	/usr/lib/system/libsystem_malloc.dylib
0x000000000c12a000 	/usr/lib/system/libsystem_network.dylib
0x000000000c12a000 	/usr/lib/system/libsystem_networkextension.dylib
0x000000000c12a000 	/usr/lib/system/libsystem_notify.dylib
0x000000000c12a000 	/usr/lib/system/libsystem_platform.dylib
0x000000000c12a000 	/usr/lib/system/libsystem_pthread.dylib
0x000000000c12a000 	/usr/lib/system/libsystem_sandbox.dylib
0x000000000c12a000 	/usr/lib/system/libsystem_secinit.dylib
0x000000000c12a000 	/usr/lib/system/libsystem_stats.dylib
0x000000000c12a000 	/usr/lib/system/libsystem_trace.dylib
0x000000000c12a000 	/usr/lib/system/libunc.dylib
0x000000000c12a000 	/usr/lib/system/libunwind.dylib
0x000000000c12a000 	/usr/lib/system/libxpc.dylib
0x000000000c12a000 	/usr/lib/libbz2.1.0.dylib
0x000000000c12a000 	/usr/lib/liblzma.5.dylib
0x000000000c12a000 	/usr/lib/libbsm.0.dylib
0x000000000c12a000 	/usr/lib/libsqlite3.dylib
0x000000000c12a000 	/usr/lib/system/libkxld.dylib
0x000000000c12a000 	/usr/lib/libxar.1.dylib
0x000000000c12a000 	/usr/lib/libpam.2.dylib
0x000000000c12a000 	/usr/lib/libOpenScriptingUtil.dylib
0x000000000c12a000 	/System/Library/Frameworks/CoreServices.framework/Versions/A/Frameworks/FSEvents.framework/Versions/A/FSEvents
0x000000000c12a000 	/System/Library/Frameworks/CoreServices.framework/Versions/A/Frameworks/CarbonCore.framework/Versions/A/CarbonCore
0x000000000c12a000 	/System/Library/Frameworks/CoreServices.framework/Versions/A/Frameworks/Metadata.framework/Versions/A/Metadata
0x000000000c12a000 	/System/Library/Frameworks/CoreServices.framework/Versions/A/Frameworks/OSServices.framework/Versions/A/OSServices
0x000000000c12a000 	/System/Library/Frameworks/CoreServices.framework/Versions/A/Frameworks/SearchKit.framework/Versions/A/SearchKit
0x000000000c12a000 	/System/Library/Frameworks/CoreServices.framework/Versions/A/Frameworks/AE.framework/Versions/A/AE
0x000000000c12a000 	/System/Library/Frameworks/CoreServices.framework/Versions/A/Frameworks/LaunchServices.framework/Versions/A/LaunchServices
0x000000000c12a000 	/System/Library/Frameworks/CoreServices.framework/Versions/A/Frameworks/DictionaryServices.framework/Versions/A/DictionaryServices
0x000000000c12a000 	/System/Library/Frameworks/NetFS.framework/Versions/A/NetFS
0x000000000c12a000 	/System/Library/PrivateFrameworks/NetAuth.framework/Versions/A/NetAuth
0x000000000c12a000 	/System/Library/PrivateFrameworks/login.framework/Versions/A/Frameworks/loginsupport.framework/Versions/A/loginsupport
0x000000000c12a000 	/System/Library/PrivateFrameworks/TCC.framework/Versions/A/TCC
0x000000000c12a000 	/usr/lib/libmecabra.dylib
0x000000000c12a000 	/System/Library/Frameworks/ApplicationServices.framework/Versions/A/Frameworks/ATS.framework/Versions/A/ATS
0x000000000c12a000 	/System/Library/Frameworks/ApplicationServices.framework/Versions/A/Frameworks/ColorSync.framework/Versions/A/ColorSync
0x000000000c12a000 	/System/Library/Frameworks/ApplicationServices.framework/Versions/A/Frameworks/HIServices.framework/Versions/A/HIServices
0x000000000c12a000 	/System/Library/Frameworks/ApplicationServices.framework/Versions/A/Frameworks/LangAnalysis.framework/Versions/A/LangAnalysis
0x000000000c12a000 	/System/Library/Frameworks/ApplicationServices.framework/Versions/A/Frameworks/PrintCore.framework/Versions/A/PrintCore
0x000000000c12a000 	/System/Library/Frameworks/ApplicationServices.framework/Versions/A/Frameworks/QD.framework/Versions/A/QD
0x000000000c12a000 	/System/Library/Frameworks/ApplicationServices.framework/Versions/A/Frameworks/SpeechSynthesis.framework/Versions/A/SpeechSynthesis
0x000000000c12a000 	/System/Library/Frameworks/Accelerate.framework/Versions/A/Accelerate
0x000000000c12a000 	/System/Library/Frameworks/Accelerate.framework/Versions/A/Frameworks/vImage.framework/Versions/A/vImage
0x000000000c12a000 	/System/Library/Frameworks/Accelerate.framework/Versions/A/Frameworks/vecLib.framework/Versions/A/vecLib
0x000000000c12a000 	/System/Library/Frameworks/Accelerate.framework/Versions/A/Frameworks/vecLib.framework/Versions/A/libvDSP.dylib
0x000000000c12a000 	/System/Library/Frameworks/Accelerate.framework/Versions/A/Frameworks/vecLib.framework/Versions/A/libvMisc.dylib
0x000000000c12a000 	/System/Library/Frameworks/Accelerate.framework/Versions/A/Frameworks/vecLib.framework/Versions/A/libLAPACK.dylib
0x000000000c12a000 	/System/Library/Frameworks/Accelerate.framework/Versions/A/Frameworks/vecLib.framework/Versions/A/libBLAS.dylib
0x000000000c12a000 	/System/Library/Frameworks/Accelerate.framework/Versions/A/Frameworks/vecLib.framework/Versions/A/libLinearAlgebra.dylib
0x000000000c12a000 	/System/Library/Frameworks/ApplicationServices.framework/Versions/A/Frameworks/ATS.framework/Versions/A/Resources/libFontParser.dylib
0x000000000c12a000 	/System/Library/Frameworks/ApplicationServices.framework/Versions/A/Frameworks/ATS.framework/Versions/A/Resources/libFontRegistry.dylib
0x000000000c12a000 	/System/Library/PrivateFrameworks/AppleVPA.framework/Versions/A/AppleVPA
0x000000000c12a000 	/System/Library/PrivateFrameworks/AppleJPEG.framework/Versions/A/AppleJPEG
0x000000000c12a000 	/System/Library/Frameworks/ImageIO.framework/Versions/A/Resources/libJPEG.dylib
0x000000000c12a000 	/System/Library/Frameworks/ImageIO.framework/Versions/A/Resources/libTIFF.dylib
0x000000000c12a000 	/System/Library/Frameworks/ImageIO.framework/Versions/A/Resources/libPng.dylib
0x000000000c12a000 	/System/Library/Frameworks/ImageIO.framework/Versions/A/Resources/libGIF.dylib
0x000000000c12a000 	/System/Library/Frameworks/ImageIO.framework/Versions/A/Resources/libJP2.dylib
0x000000000c12a000 	/System/Library/Frameworks/ImageIO.framework/Versions/A/Resources/libRadiance.dylib
0x000000000c12a000 	/System/Library/Frameworks/CoreVideo.framework/Versions/A/CoreVideo
0x000000000c12a000 	/System/Library/Frameworks/OpenGL.framework/Versions/A/Libraries/libGLU.dylib
0x000000000c12a000 	/System/Library/Frameworks/OpenGL.framework/Versions/A/Libraries/libGFXShared.dylib
0x000000000c12a000 	/System/Library/Frameworks/OpenGL.framework/Versions/A/Libraries/libGL.dylib
0x000000000c12a000 	/System/Library/Frameworks/OpenGL.framework/Versions/A/Libraries/libGLImage.dylib
0x000000000c12a000 	/System/Library/Frameworks/OpenGL.framework/Versions/A/Libraries/libCVMSPluginSupport.dylib
0x000000000c12a000 	/System/Library/Frameworks/OpenGL.framework/Versions/A/Libraries/libCoreVMClient.dylib
0x000000000c12a000 	/usr/lib/libcups.2.dylib
0x000000000c12a000 	/System/Library/Frameworks/Kerberos.framework/Versions/A/Kerberos
0x000000000c12a000 	/System/Library/Frameworks/GSS.framework/Versions/A/GSS
0x000000000c12a000 	/usr/lib/libresolv.9.dylib
0x000000000c12a000 	/usr/lib/libiconv.2.dylib
0x000000000c12a000 	/System/Library/PrivateFrameworks/Heimdal.framework/Versions/A/Heimdal
0x000000000c12a000 	/usr/lib/libheimdal-asn1.dylib
0x000000000c12a000 	/System/Library/Frameworks/OpenDirectory.framework/Versions/A/OpenDirectory
0x000000000c12a000 	/System/Library/PrivateFrameworks/CommonAuth.framework/Versions/A/CommonAuth
0x000000000c12a000 	/System/Library/Frameworks/OpenDirectory.framework/Versions/A/Frameworks/CFOpenDirectory.framework/Versions/A/CFOpenDirectory
0x000000000c12a000 	/System/Library/Frameworks/SecurityFoundation.framework/Versions/A/SecurityFoundation
0x000000000c12a000 	/System/Library/PrivateFrameworks/LanguageModeling.framework/Versions/A/LanguageModeling
0x000000000c12a000 	/usr/lib/libcmph.dylib
0x000000000c12a000 	/System/Library/Frameworks/ServiceManagement.framework/Versions/A/ServiceManagement
0x000000000c12a000 	/usr/lib/libxslt.1.dylib
0x000000000c12a000 	/System/Library/Frameworks/Carbon.framework/Versions/A/Frameworks/Ink.framework/Versions/A/Ink
0x000000000c12a000 	/System/Library/Frameworks/QuartzCore.framework/Versions/A/Frameworks/CoreImage.framework/Versions/A/CoreImage
0x000000000c12a000 	/System/Library/PrivateFrameworks/CrashReporterSupport.framework/Versions/A/CrashReporterSupport
0x000000000c12a000 	/System/Library/Frameworks/OpenCL.framework/Versions/A/OpenCL
0x000000000c12a000 	/System/Library/PrivateFrameworks/FaceCore.framework/Versions/A/FaceCore
0x000000000c12a000 	/System/Library/PrivateFrameworks/Ubiquity.framework/Versions/A/Ubiquity
0x000000000c12a000 	/System/Library/PrivateFrameworks/IconServices.framework/Versions/A/IconServices
0x000000000c12a000 	/System/Library/PrivateFrameworks/ChunkingLibrary.framework/Versions/A/ChunkingLibrary
0x000000000c12a000 	/System/Library/PrivateFrameworks/Apple80211.framework/Versions/A/Apple80211
0x000000000c12a000 	/System/Library/Frameworks/CoreWLAN.framework/Versions/A/CoreWLAN
0x000000000c12a000 	/System/Library/Frameworks/IOBluetooth.framework/Versions/A/IOBluetooth
0x000000000c12a000 	/System/Library/PrivateFrameworks/CoreWiFi.framework/Versions/A/CoreWiFi
0x000000000c12a000 	/System/Library/Frameworks/CoreBluetooth.framework/Versions/A/CoreBluetooth
0x000000000c12a000 	/System/Library/PrivateFrameworks/DebugSymbols.framework/Versions/A/DebugSymbols
0x000000000c12a000 	/System/Library/PrivateFrameworks/CoreSymbolication.framework/Versions/A/CoreSymbolication
0x000000000c12a000 	/System/Library/PrivateFrameworks/Symbolication.framework/Versions/A/Symbolication
0x000000000c12a000 	/System/Library/PrivateFrameworks/SpeechRecognitionCore.framework/Versions/A/SpeechRecognitionCore
0x0000000106200000 	/Library/Internet Plug-Ins/JavaAppletPlugin.plugin/Contents/Home/lib/server/libjvm.dylib
0x000000000c12a000 	/usr/lib/libstdc++.6.dylib
0x0000000105d17000 	/Library/Internet Plug-Ins/JavaAppletPlugin.plugin/Contents/Home/lib/libverify.dylib
0x0000000105d25000 	/Library/Internet Plug-Ins/JavaAppletPlugin.plugin/Contents/Home/lib/libjava.dylib
0x0000000105d64000 	/Library/Internet Plug-Ins/JavaAppletPlugin.plugin/Contents/Home/lib/libzip.dylib
0x000000011ca12000 	/System/Library/Frameworks/JavaVM.framework/Frameworks/JavaRuntimeSupport.framework/JavaRuntimeSupport
0x000000011ca28000 	/System/Library/Frameworks/JavaVM.framework/Versions/A/Frameworks/JavaNativeFoundation.framework/Versions/A/JavaNativeFoundation
0x0000000105df0000 	/System/Library/Frameworks/JavaVM.framework/Versions/A/JavaVM
0x000000000c12a000 	/System/Library/Frameworks/Carbon.framework/Versions/A/Carbon
0x000000011ca3c000 	/System/Library/PrivateFrameworks/JavaLaunching.framework/Versions/A/JavaLaunching
0x000000000c12a000 	/System/Library/Frameworks/Carbon.framework/Versions/A/Frameworks/CommonPanels.framework/Versions/A/CommonPanels
0x000000000c12a000 	/System/Library/Frameworks/Carbon.framework/Versions/A/Frameworks/Help.framework/Versions/A/Help
0x000000000c12a000 	/System/Library/Frameworks/Carbon.framework/Versions/A/Frameworks/ImageCapture.framework/Versions/A/ImageCapture
0x000000000c12a000 	/System/Library/Frameworks/Carbon.framework/Versions/A/Frameworks/OpenScripting.framework/Versions/A/OpenScripting
0x000000000c12a000 	/System/Library/Frameworks/Carbon.framework/Versions/A/Frameworks/Print.framework/Versions/A/Print
0x000000000c12a000 	/System/Library/Frameworks/Carbon.framework/Versions/A/Frameworks/SecurityHI.framework/Versions/A/SecurityHI
0x000000011e7ef000 	/Library/Internet Plug-Ins/JavaAppletPlugin.plugin/Contents/Home/lib/libprism_es2.dylib
0x000000000c12a000 	/System/Library/Frameworks/OpenGL.framework/Versions/A/Resources/GLEngine.bundle/GLEngine
0x000000000c12a000 	/System/Library/Frameworks/OpenGL.framework/Versions/A/Libraries/libGLProgrammability.dylib
0x000000000c12a000 	/System/Library/Frameworks/OpenGL.framework/Versions/A/Resources/GLRendererFloat.bundle/GLRendererFloat
0x000000000c12a000 	/System/Library/Frameworks/OpenCL.framework/Versions/A/Libraries/libcldcpuengine.dylib
0x000000000c12a000 	/System/Library/PrivateFrameworks/DiskImages.framework/Versions/A/DiskImages
0x000000000c12a000 	/System/Library/Frameworks/DiscRecording.framework/Versions/A/DiscRecording
0x000000000c12a000 	/usr/lib/libcsfde.dylib
0x000000000c12a000 	/usr/lib/libcurl.4.dylib
0x000000000c12a000 	/System/Library/PrivateFrameworks/MediaKit.framework/Versions/A/MediaKit
0x000000000c12a000 	/System/Library/PrivateFrameworks/ProtectedCloudStorage.framework/Versions/A/ProtectedCloudStorage
0x000000000c12a000 	/usr/lib/libCoreStorage.dylib
0x000000000c12a000 	/System/Library/PrivateFrameworks/EFILogin.framework/Versions/A/EFILogin
0x000000000c12a000 	/usr/lib/libutil.dylib
0x000000000c12a000 	/System/Library/PrivateFrameworks/FindMyDevice.framework/Versions/A/FindMyDevice
0x000000000c12a000 	/System/Library/Frameworks/LDAP.framework/Versions/A/LDAP
0x000000000c12a000 	/usr/lib/libsasl2.2.dylib
0x000000000c12a000 	/System/Library/PrivateFrameworks/CoreDaemon.framework/Versions/B/CoreDaemon
0x000000000c12a000 	/usr/lib/libcrypto.0.9.8.dylib
0x000000000c12a000 	/System/Library/PrivateFrameworks/AppleSRP.framework/Versions/A/AppleSRP
0x000000000c12a000 	/System/Library/PrivateFrameworks/TrustEvaluationAgent.framework/Versions/A/TrustEvaluationAgent

VM Arguments:
java_command: /Users/derp/Documents/Elec/SRP-Rate-Reviewer/build/Build.jar
java_class_path (initial): /Users/derp/Documents/Elec/SRP-Rate-Reviewer/build/Build.jar
Launcher Type: SUN_STANDARD

Environment Variables:
PATH=/usr/bin:/bin:/usr/sbin:/sbin
SHELL=/bin/bash

Signal Handlers:
SIGSEGV: [libjvm.dylib+0x5a6d31], sa_mask[0]=11111111011111110111111111111111, sa_flags=SA_ONSTACK|SA_RESTART|SA_SIGINFO
SIGBUS: [libjvm.dylib+0x5a6d31], sa_mask[0]=11111111011111110111111111111111, sa_flags=SA_RESTART|SA_SIGINFO
SIGFPE: [libjvm.dylib+0x480a4c], sa_mask[0]=11111111011111110111111111111111, sa_flags=SA_RESTART|SA_SIGINFO
SIGPIPE: [libjvm.dylib+0x480a4c], sa_mask[0]=11111111011111110111111111111111, sa_flags=SA_RESTART|SA_SIGINFO
SIGXFSZ: [libjvm.dylib+0x480a4c], sa_mask[0]=11111111011111110111111111111111, sa_flags=SA_RESTART|SA_SIGINFO
SIGILL: [libjvm.dylib+0x480a4c], sa_mask[0]=11111111011111110111111111111111, sa_flags=SA_RESTART|SA_SIGINFO
SIGUSR1: SIG_DFL, sa_mask[0]=00000000000000000000000000000000, sa_flags=none
SIGUSR2: [libjvm.dylib+0x48056a], sa_mask[0]=00000000000000000000000000000000, sa_flags=SA_RESTART|SA_SIGINFO
SIGHUP: [libjvm.dylib+0x47eb41], sa_mask[0]=11111111011111110111111111111111, sa_flags=SA_RESTART|SA_SIGINFO
SIGINT: [libjvm.dylib+0x47eb41], sa_mask[0]=11111111011111110111111111111111, sa_flags=SA_RESTART|SA_SIGINFO
SIGTERM: [libjvm.dylib+0x47eb41], sa_mask[0]=11111111011111110111111111111111, sa_flags=SA_RESTART|SA_SIGINFO
SIGQUIT: [libjvm.dylib+0x47eb41], sa_mask[0]=11111111011111110111111111111111, sa_flags=SA_RESTART|SA_SIGINFO


---------------  S Y S T E M  ---------------

OS:Bsduname:Darwin 14.1.0 Darwin Kernel Version 14.1.0: Mon Dec 22 23:10:38 PST 2014; root:xnu-2782.10.72~2/RELEASE_X86_64 x86_64
rlimit: STACK 8192k, CORE 0k, NPROC 709, NOFILE 10240, AS infinity
load average:3.52 5.97 4.25

CPU:total 2 (1 cores per cpu, 1 threads per core) family 6 model 42 stepping 7, cmov, cx8, fxsr, mmx, sse, sse2, sse3, ssse3, sse4.1, sse4.2, popcnt, avx, aes, clmul, tsc, tscinvbit

Memory: 4k page, physical 8388608k(600680k free)

/proc/meminfo:


vm_info: Java HotSpot(TM) 64-Bit Server VM (25.60-b23) for bsd-amd64 JRE (1.8.0_60-b27), built on Aug  4 2015 10:47:24 by "java_re" with gcc 4.2.1 (Based on Apple Inc. build 5658) (LLVM build 2336.11.00)

time: Mon Sep  7 22:04:19 2015
elapsed time: 0 seconds (0d 0h 0m 0s)

