#
# A fatal error has been detected by the Java Runtime Environment:
#
#  SIGSEGV (0xb) at pc=0x00007fff96f780dd, pid=22282, tid=17411
#
# JRE version: Java(TM) SE Runtime Environment (8.0_65-b17) (build 1.8.0_65-b17)
# Java VM: Java HotSpot(TM) 64-Bit Server VM (25.65-b01 mixed mode bsd-amd64 compressed oops)
# Problematic frame:
# C  [libobjc.A.dylib+0x10dd]  objc_msgSend+0x1d
#
# Failed to write core dump. Core dumps have been disabled. To enable core dumping, try "ulimit -c unlimited" before starting Java again
#
# If you would like to submit a bug report, please visit:
#   http://bugreport.java.com/bugreport/crash.jsp
# The crash happened outside the Java Virtual Machine in native code.
# See problematic frame for where to report the bug.
#

---------------  T H R E A D  ---------------

Current thread (0x00007f9c31347000):  JavaThread "QuantumRenderer-0" daemon [_thread_in_native, id=17411, stack(0x00000001289ad000,0x0000000128aad000)]

siginfo: si_signo: 11 (SIGSEGV), si_code: 1 (SEGV_MAPERR), si_addr: 0x0000000000000018

Registers:
RAX=0x00007f9c30538660, RBX=0x0000000000000000, RCX=0x0000000000000000, RDX=0x00007f9c3049c6b0
RSP=0x0000000128aabe18, RBP=0x0000000128aabe60, RSI=0x00007fff8e2e113c, RDI=0x00007f9c3049c6b0
R8 =0x0000000000000001, R9 =0x00000000ffffff00, R10=0x00007fff8e2e113c, R11=0x0000000000000000
R12=0x00007fff96f780c0, R13=0x0000000000000000, R14=0x00007f9c30538660, R15=0x0000000000000000
RIP=0x00007fff96f780dd, EFLAGS=0x0000000000010246, ERR=0x0000000000000004
  TRAPNO=0x000000000000000e

Top of Stack: (sp=0x0000000128aabe18)
0x0000000128aabe18:   00007fff8dbd5c9d 0000000000000000
0x0000000128aabe28:   0000000000000000 0000000000000000
0x0000000128aabe38:   0000000000000000 0000000000000000
0x0000000128aabe48:   0000000000000000 00007fff96f780c0
0x0000000128aabe58:   0000000000000000 0000000128aabed0
0x0000000128aabe68:   00000001287ad6cb 0000000128aabefc
0x0000000128aabe78:   00007f9c3049c6b0 00007f9c3042e580
0x0000000128aabe88:   00007f9c304980d0 0000000128aabed0
0x0000000128aabe98:   0000000110054a81 4d0096f413706574
0x0000000128aabea8:   0000000110559280 00007f9c304980d0
0x0000000128aabeb8:   0000000000000000 0000000128aabfb0
0x0000000128aabec8:   00007f9c3049c6b0 0000000128aabf30
0x0000000128aabed8:   00000001287ad067 00007f9c31347000
0x0000000128aabee8:   00000001257e70d8 00007f9c31347000
0x0000000128aabef8:   00000001257e70d8 4d0096f413706574
0x0000000128aabf08:   00000001257e70d8 0000000000000000
0x0000000128aabf18:   00000001257e70d8 0000000128aabfb0
0x0000000128aabf28:   00007f9c31347000 0000000128aabf90
0x0000000128aabf38:   000000011124a954 0000000111256823
0x0000000128aabf48:   000000011124a6a2 0000000128aabf50
0x0000000128aabf58:   00000001257e70d8 0000000128aabfb0
0x0000000128aabf68:   00000001257f20a0 0000000000000000
0x0000000128aabf78:   00000001257e70d8 0000000000000000
0x0000000128aabf88:   0000000128aabfb0 0000000128aac000
0x0000000128aabf98:   000000011123c760 0000000795b823d8
0x0000000128aabfa8:   0000000111244577 0000000795b967f8
0x0000000128aabfb8:   0000000795b94dc0 0000000128aabfc0
0x0000000128aabfc8:   00000001257e77e1 0000000128aac028
0x0000000128aabfd8:   00000001257f20a0 0000000000000000
0x0000000128aabfe8:   00000001257e7810 0000000128aabfb0
0x0000000128aabff8:   0000000128aac018 0000000128aac070
0x0000000128aac008:   000000011123c420 0000000795b967f8 

Instructions: (pc=0x00007fff96f780dd)
0x00007fff96f780bd:   00 00 00 48 85 ff 2e 74 7a 40 f6 c7 01 2e 75 7e
0x00007fff96f780cd:   49 bb f8 ff ff ff ff 7f 00 00 4c 23 1f 49 89 f2
0x00007fff96f780dd:   45 23 53 18 49 c1 e2 04 4d 03 53 10 49 3b 32 75
0x00007fff96f780ed:   04 41 ff 62 08 49 83 3a 00 74 6a 4d 3b 53 10 74 

Register to memory mapping:

RAX=0x00007f9c30538660 is an unknown value
RBX=0x0000000000000000 is an unknown value
RCX=0x0000000000000000 is an unknown value
RDX=0x00007f9c3049c6b0 is an unknown value
RSP=0x0000000128aabe18 is pointing into the stack for thread: 0x00007f9c31347000
RBP=0x0000000128aabe60 is pointing into the stack for thread: 0x00007f9c31347000
RSI=0x00007fff8e2e113c: -[NSTitlebarContainerView shouldRoundCorners]+0x5cd5e in /System/Library/Frameworks/AppKit.framework/Versions/C/AppKit at 0x00007fff8d910000
RDI=0x00007f9c3049c6b0 is an unknown value
R8 =0x0000000000000001 is an unknown value
R9 =0x00000000ffffff00 is an unknown value
R10=0x00007fff8e2e113c: -[NSTitlebarContainerView shouldRoundCorners]+0x5cd5e in /System/Library/Frameworks/AppKit.framework/Versions/C/AppKit at 0x00007fff8d910000
R11=0x0000000000000000 is an unknown value
R12=0x00007fff96f780c0: objc_msgSend+0 in /usr/lib/libobjc.A.dylib at 0x00007fff96f77000
R13=0x0000000000000000 is an unknown value
R14=0x00007f9c30538660 is an unknown value
R15=0x0000000000000000 is an unknown value


Stack: [0x00000001289ad000,0x0000000128aad000],  sp=0x0000000128aabe18,  free space=1019k
Native frames: (J=compiled Java code, j=interpreted, Vv=VM code, C=native code)
C  [libobjc.A.dylib+0x10dd]  objc_msgSend+0x1d
C  [libprism_es2.dylib+0x86cb]  createContext+0x12b
C  [libprism_es2.dylib+0x8067]  Java_com_sun_prism_es2_MacGLFactory_nInitialize+0x77
j  com.sun.prism.es2.MacGLFactory.nInitialize([I)J+0
j  com.sun.prism.es2.MacGLFactory.initialize(Ljava/lang/Class;Lcom/sun/prism/es2/GLPixelFormat$Attributes;)Z+73
j  com.sun.prism.es2.ES2Pipeline.<clinit>()V+49
v  ~StubRoutines::call_stub
V  [libjvm.dylib+0x2eab02]  JavaCalls::call_helper(JavaValue*, methodHandle*, JavaCallArguments*, Thread*)+0x6ae
V  [libjvm.dylib+0x2bdc5d]  InstanceKlass::call_class_initializer_impl(instanceKlassHandle, Thread*)+0xbf
V  [libjvm.dylib+0x2bf165]  InstanceKlass::initialize_impl(instanceKlassHandle, Thread*)+0x4b5
V  [libjvm.dylib+0x2bf3fb]  InstanceKlass::initialize(Thread*)+0x3d
V  [libjvm.dylib+0x342dcb]  find_class_from_class_loader(JNIEnv_*, Symbol*, unsigned char, Handle, Handle, unsigned char, Thread*)+0x56
V  [libjvm.dylib+0x34d296]  JVM_FindClassFromCaller+0x135
C  [libjava.dylib+0x236d]  Java_java_lang_Class_forName0+0x13f
j  java.lang.Class.forName0(Ljava/lang/String;ZLjava/lang/ClassLoader;Ljava/lang/Class;)Ljava/lang/Class;+0
j  java.lang.Class.forName(Ljava/lang/String;)Ljava/lang/Class;+11
j  com.sun.prism.GraphicsPipeline.createPipeline()Lcom/sun/prism/GraphicsPipeline;+232
j  com.sun.javafx.tk.quantum.QuantumRenderer$PipelineRunnable.init()V+0
j  com.sun.javafx.tk.quantum.QuantumRenderer$PipelineRunnable.run()V+1
j  java.lang.Thread.run()V+11
v  ~StubRoutines::call_stub
V  [libjvm.dylib+0x2eab02]  JavaCalls::call_helper(JavaValue*, methodHandle*, JavaCallArguments*, Thread*)+0x6ae
V  [libjvm.dylib+0x2eb290]  JavaCalls::call_virtual(JavaValue*, KlassHandle, Symbol*, Symbol*, JavaCallArguments*, Thread*)+0x164
V  [libjvm.dylib+0x2eb43c]  JavaCalls::call_virtual(JavaValue*, Handle, KlassHandle, Symbol*, Symbol*, Thread*)+0x4a
V  [libjvm.dylib+0x345959]  thread_entry(JavaThread*, Thread*)+0x7c
V  [libjvm.dylib+0x5612d3]  JavaThread::thread_main_inner()+0x9b
V  [libjvm.dylib+0x5629ce]  JavaThread::run()+0x1c2
V  [libjvm.dylib+0x48342e]  java_start(Thread*)+0xf6
C  [libsystem_pthread.dylib+0x3268]  _pthread_body+0x83
C  [libsystem_pthread.dylib+0x31e5]  _pthread_body+0x0
C  [libsystem_pthread.dylib+0x141d]  thread_start+0xd
C  0x0000000000000000

Java frames: (J=compiled Java code, j=interpreted, Vv=VM code)
j  com.sun.prism.es2.MacGLFactory.nInitialize([I)J+0
j  com.sun.prism.es2.MacGLFactory.initialize(Ljava/lang/Class;Lcom/sun/prism/es2/GLPixelFormat$Attributes;)Z+73
j  com.sun.prism.es2.ES2Pipeline.<clinit>()V+49
v  ~StubRoutines::call_stub
j  java.lang.Class.forName0(Ljava/lang/String;ZLjava/lang/ClassLoader;Ljava/lang/Class;)Ljava/lang/Class;+0
j  java.lang.Class.forName(Ljava/lang/String;)Ljava/lang/Class;+11
j  com.sun.prism.GraphicsPipeline.createPipeline()Lcom/sun/prism/GraphicsPipeline;+232
j  com.sun.javafx.tk.quantum.QuantumRenderer$PipelineRunnable.init()V+0
j  com.sun.javafx.tk.quantum.QuantumRenderer$PipelineRunnable.run()V+1
j  java.lang.Thread.run()V+11
v  ~StubRoutines::call_stub

---------------  P R O C E S S  ---------------

Java Threads: ( => current thread )
=>0x00007f9c31347000 JavaThread "QuantumRenderer-0" daemon [_thread_in_native, id=17411, stack(0x00000001289ad000,0x0000000128aad000)]
  0x00007f9c31073000 JavaThread "Service Thread" daemon [_thread_blocked, id=16387, stack(0x0000000128503000,0x0000000128603000)]
  0x00007f9c30870000 JavaThread "C1 CompilerThread1" daemon [_thread_blocked, id=15875, stack(0x0000000128400000,0x0000000128500000)]
  0x00007f9c31076800 JavaThread "C2 CompilerThread0" daemon [_thread_blocked, id=15363, stack(0x00000001282fd000,0x00000001283fd000)]
  0x00007f9c3081c800 JavaThread "Signal Dispatcher" daemon [_thread_blocked, id=11279, stack(0x00000001281fa000,0x00000001282fa000)]
  0x00007f9c31064000 JavaThread "Finalizer" daemon [_thread_blocked, id=10499, stack(0x000000012693c000,0x0000000126a3c000)]
  0x00007f9c3105d800 JavaThread "Reference Handler" daemon [_thread_blocked, id=9987, stack(0x0000000126839000,0x0000000126939000)]
  0x00007f9c3080d000 JavaThread "main" [_thread_blocked, id=4867, stack(0x0000000110cd8000,0x0000000110dd8000)]

Other Threads:
  0x00007f9c31008000 VMThread [stack: 0x0000000126736000,0x0000000126836000] [id=9475]
  0x00007f9c31066800 WatcherThread [stack: 0x0000000128606000,0x0000000128706000] [id=16899]

VM state:not at safepoint (normal execution)

VM Mutex/Monitor currently owned by a thread: None

Heap:
 PSYoungGen      total 38400K, used 6657K [0x0000000795580000, 0x0000000798000000, 0x00000007c0000000)
  eden space 33280K, 20% used [0x0000000795580000,0x0000000795c005b8,0x0000000797600000)
  from space 5120K, 0% used [0x0000000797b00000,0x0000000797b00000,0x0000000798000000)
  to   space 5120K, 0% used [0x0000000797600000,0x0000000797600000,0x0000000797b00000)
 ParOldGen       total 87552K, used 0K [0x0000000740000000, 0x0000000745580000, 0x0000000795580000)
  object space 87552K, 0% used [0x0000000740000000,0x0000000740000000,0x0000000745580000)
 Metaspace       used 5815K, capacity 5990K, committed 6144K, reserved 1056768K
  class space    used 645K, capacity 726K, committed 768K, reserved 1048576K

Card table byte_map: [0x00000001205f5000,0x00000001209f6000] byte_map_base: 0x000000011cbf5000

Marking Bits: (ParMarkBitMap*) 0x0000000110615e20
 Begin Bits: [0x0000000120ea7000, 0x0000000122ea7000)
 End Bits:   [0x0000000122ea7000, 0x0000000124ea7000)

Polling page: 0x0000000110de8000

CodeCache: size=245760Kb used=1898Kb max_used=1907Kb free=243861Kb
 bounds [0x0000000111235000, 0x00000001114a5000, 0x0000000120235000]
 total_blobs=706 nmethods=394 adapters=226
 compilation: enabled

Compilation events (10 events):
Event: 4.490 Thread 0x00007f9c30870000  390  s    3       sun.misc.Resource::cachedInputStream (20 bytes)
Event: 4.491 Thread 0x00007f9c30870000 nmethod 390 0x000000011140ce50 code [0x000000011140cfc0, 0x000000011140d3a8]
Event: 4.491 Thread 0x00007f9c30870000  391       1       java.util.jar.JarFile::access$300 (5 bytes)
Event: 4.492 Thread 0x00007f9c30870000 nmethod 391 0x000000011140cb90 code [0x000000011140cce0, 0x000000011140cdd0]
Event: 4.492 Thread 0x00007f9c30870000  392       3       java.security.CodeSource::getCertificates (98 bytes)
Event: 4.496 Thread 0x00007f9c30870000 nmethod 392 0x000000011140ec10 code [0x000000011140ee40, 0x000000011140fa38]
Event: 4.497 Thread 0x00007f9c31076800  393       4       java.util.Arrays::copyOfRange (63 bytes)
Event: 4.509 Thread 0x00007f9c31076800 nmethod 393 0x000000011140c6d0 code [0x000000011140c820, 0x000000011140ca38]
Event: 4.510 Thread 0x00007f9c30870000  394  s!   3       java.net.URLStreamHandler::getHostAddress (54 bytes)
Event: 4.511 Thread 0x00007f9c30870000 nmethod 394 0x000000011140bcd0 code [0x000000011140be80, 0x000000011140c558]

GC Heap History (0 events):
No events

Deoptimization events (1 events):
Event: 1.993 Thread 0x00007f9c3080d000 Uncommon trap: reason=unstable_if action=reinterpret pc=0x0000000111368228 method=java.lang.String.hashCode()I @ 14

Internal exceptions (9 events):
Event: 0.321 Thread 0x00007f9c3080d000 Exception <a 'java/lang/NoSuchMethodError': Method sun.misc.Unsafe.defineClass(Ljava/lang/String;[BII)Ljava/lang/Class; name or signature does not match> (0x0000000795592f10) thrown at [/Users/java_re/workspace/8-2-build-macosx-x86_64/jdk8u65/4987/hotspot
Event: 0.323 Thread 0x00007f9c3080d000 Exception <a 'java/lang/NoSuchMethodError': Method sun.misc.Unsafe.prefetchRead(Ljava/lang/Object;J)V name or signature does not match> (0x00000007955931f8) thrown at [/Users/java_re/workspace/8-2-build-macosx-x86_64/jdk8u65/4987/hotspot/src/share/vm/prim
Event: 3.039 Thread 0x00007f9c3080d000 Exception <a 'java/lang/NoSuchFieldError': method resolution failed> (0x0000000795916b18) thrown at [/Users/java_re/workspace/8-2-build-macosx-x86_64/jdk8u65/4987/hotspot/src/share/vm/prims/methodHandles.cpp, line 1146]
Event: 3.090 Thread 0x00007f9c3080d000 Exception <a 'java/lang/NoSuchFieldError': method resolution failed> (0x0000000795923e68) thrown at [/Users/java_re/workspace/8-2-build-macosx-x86_64/jdk8u65/4987/hotspot/src/share/vm/prims/methodHandles.cpp, line 1146]
Event: 3.459 Thread 0x00007f9c3080d000 Exception <a 'java/security/PrivilegedActionException'> (0x00000007959b23c0) thrown at [/Users/java_re/workspace/8-2-build-macosx-x86_64/jdk8u65/4987/hotspot/src/share/vm/prims/jvm.cpp, line 1386]
Event: 3.459 Thread 0x00007f9c3080d000 Exception <a 'java/security/PrivilegedActionException'> (0x00000007959b25d0) thrown at [/Users/java_re/workspace/8-2-build-macosx-x86_64/jdk8u65/4987/hotspot/src/share/vm/prims/jvm.cpp, line 1386]
Event: 3.466 Thread 0x00007f9c3080d000 Exception <a 'java/security/PrivilegedActionException'> (0x00000007959b6c00) thrown at [/Users/java_re/workspace/8-2-build-macosx-x86_64/jdk8u65/4987/hotspot/src/share/vm/prims/jvm.cpp, line 1386]
Event: 3.467 Thread 0x00007f9c3080d000 Exception <a 'java/security/PrivilegedActionException'> (0x00000007959b6e10) thrown at [/Users/java_re/workspace/8-2-build-macosx-x86_64/jdk8u65/4987/hotspot/src/share/vm/prims/jvm.cpp, line 1386]
Event: 3.468 Thread 0x00007f9c3080d000 Exception <a 'java/lang/NullPointerException'> (0x00000007959b7600) thrown at [/Users/java_re/workspace/8-2-build-macosx-x86_64/jdk8u65/4987/hotspot/src/share/vm/interpreter/linkResolver.cpp, line 1178]

Events (10 events):
Event: 4.481 loading class com/sun/prism/es2/MacGLContext
Event: 4.482 loading class com/sun/prism/es2/MacGLContext done
Event: 4.483 loading class com/sun/prism/es2/GLDrawable
Event: 4.484 loading class com/sun/prism/es2/GLDrawable done
Event: 4.490 loading class com/sun/prism/es2/MacGLDrawable
Event: 4.490 loading class com/sun/prism/es2/MacGLDrawable done
Event: 4.496 loading class com/sun/prism/es2/MacGLPixelFormat
Event: 4.496 loading class com/sun/prism/es2/MacGLPixelFormat done
Event: 4.513 loading class com/sun/prism/es2/GLGPUInfo
Event: 4.513 loading class com/sun/prism/es2/GLGPUInfo done


Dynamic libraries:
0x000000000acfd000 	/System/Library/Frameworks/Cocoa.framework/Versions/A/Cocoa
0x000000000acfd000 	/System/Library/Frameworks/Security.framework/Versions/A/Security
0x000000000acfd000 	/System/Library/Frameworks/ApplicationServices.framework/Versions/A/ApplicationServices
0x000000000acfd000 	/usr/lib/libz.1.dylib
0x000000000acfd000 	/usr/lib/libSystem.B.dylib
0x000000000acfd000 	/usr/lib/libobjc.A.dylib
0x000000000acfd000 	/System/Library/Frameworks/CoreFoundation.framework/Versions/A/CoreFoundation
0x000000000acfd000 	/System/Library/Frameworks/Foundation.framework/Versions/C/Foundation
0x000000000acfd000 	/System/Library/Frameworks/AppKit.framework/Versions/C/AppKit
0x000000000acfd000 	/System/Library/Frameworks/CoreData.framework/Versions/A/CoreData
0x000000000acfd000 	/System/Library/PrivateFrameworks/RemoteViewServices.framework/Versions/A/RemoteViewServices
0x000000000acfd000 	/System/Library/PrivateFrameworks/UIFoundation.framework/Versions/A/UIFoundation
0x000000000acfd000 	/System/Library/Frameworks/IOSurface.framework/Versions/A/IOSurface
0x000000000acfd000 	/System/Library/Frameworks/AudioToolbox.framework/Versions/A/AudioToolbox
0x000000000acfd000 	/System/Library/Frameworks/AudioUnit.framework/Versions/A/AudioUnit
0x000000000acfd000 	/System/Library/PrivateFrameworks/DataDetectorsCore.framework/Versions/A/DataDetectorsCore
0x000000000acfd000 	/System/Library/PrivateFrameworks/DesktopServicesPriv.framework/Versions/A/DesktopServicesPriv
0x000000000acfd000 	/System/Library/Frameworks/Carbon.framework/Versions/A/Frameworks/HIToolbox.framework/Versions/A/HIToolbox
0x000000000acfd000 	/System/Library/Frameworks/QuartzCore.framework/Versions/A/QuartzCore
0x000000000acfd000 	/System/Library/Frameworks/Carbon.framework/Versions/A/Frameworks/SpeechRecognition.framework/Versions/A/SpeechRecognition
0x000000000acfd000 	/usr/lib/libauto.dylib
0x000000000acfd000 	/usr/lib/libicucore.A.dylib
0x000000000acfd000 	/usr/lib/libxml2.2.dylib
0x000000000acfd000 	/System/Library/PrivateFrameworks/CoreUI.framework/Versions/A/CoreUI
0x000000000acfd000 	/System/Library/Frameworks/CoreAudio.framework/Versions/A/CoreAudio
0x000000000acfd000 	/System/Library/Frameworks/DiskArbitration.framework/Versions/A/DiskArbitration
0x000000000acfd000 	/usr/lib/liblangid.dylib
0x000000000acfd000 	/System/Library/PrivateFrameworks/MultitouchSupport.framework/Versions/A/MultitouchSupport
0x000000000acfd000 	/System/Library/Frameworks/IOKit.framework/Versions/A/IOKit
0x000000000acfd000 	/usr/lib/libDiagnosticMessagesClient.dylib
0x000000000acfd000 	/System/Library/Frameworks/CoreServices.framework/Versions/A/CoreServices
0x000000000acfd000 	/System/Library/PrivateFrameworks/PerformanceAnalysis.framework/Versions/A/PerformanceAnalysis
0x000000000acfd000 	/System/Library/PrivateFrameworks/GenerationalStorage.framework/Versions/A/GenerationalStorage
0x000000000acfd000 	/System/Library/Frameworks/OpenGL.framework/Versions/A/OpenGL
0x000000000acfd000 	/System/Library/PrivateFrameworks/Sharing.framework/Versions/A/Sharing
0x000000000acfd000 	/System/Library/Frameworks/CoreGraphics.framework/Versions/A/CoreGraphics
0x000000000acfd000 	/System/Library/Frameworks/CoreText.framework/Versions/A/CoreText
0x000000000acfd000 	/System/Library/Frameworks/ImageIO.framework/Versions/A/ImageIO
0x000000000acfd000 	/usr/lib/libextension.dylib
0x000000000acfd000 	/System/Library/PrivateFrameworks/Backup.framework/Versions/A/Backup
0x000000000acfd000 	/usr/lib/libarchive.2.dylib
0x000000000acfd000 	/System/Library/Frameworks/CFNetwork.framework/Versions/A/CFNetwork
0x000000000acfd000 	/System/Library/Frameworks/SystemConfiguration.framework/Versions/A/SystemConfiguration
0x000000000acfd000 	/usr/lib/libCRFSuite.dylib
0x000000000acfd000 	/usr/lib/libc++.1.dylib
0x000000000acfd000 	/usr/lib/libc++abi.dylib
0x000000000acfd000 	/usr/lib/system/libcache.dylib
0x000000000acfd000 	/usr/lib/system/libcommonCrypto.dylib
0x000000000acfd000 	/usr/lib/system/libcompiler_rt.dylib
0x000000000acfd000 	/usr/lib/system/libcopyfile.dylib
0x000000000acfd000 	/usr/lib/system/libcorecrypto.dylib
0x000000000acfd000 	/usr/lib/system/libdispatch.dylib
0x000000000acfd000 	/usr/lib/system/libdyld.dylib
0x000000000acfd000 	/usr/lib/system/libkeymgr.dylib
0x000000000acfd000 	/usr/lib/system/liblaunch.dylib
0x000000000acfd000 	/usr/lib/system/libmacho.dylib
0x000000000acfd000 	/usr/lib/system/libquarantine.dylib
0x000000000acfd000 	/usr/lib/system/libremovefile.dylib
0x000000000acfd000 	/usr/lib/system/libsystem_asl.dylib
0x000000000acfd000 	/usr/lib/system/libsystem_blocks.dylib
0x000000000acfd000 	/usr/lib/system/libsystem_c.dylib
0x000000000acfd000 	/usr/lib/system/libsystem_configuration.dylib
0x000000000acfd000 	/usr/lib/system/libsystem_coreservices.dylib
0x000000000acfd000 	/usr/lib/system/libsystem_coretls.dylib
0x000000000acfd000 	/usr/lib/system/libsystem_dnssd.dylib
0x000000000acfd000 	/usr/lib/system/libsystem_info.dylib
0x000000000acfd000 	/usr/lib/system/libsystem_kernel.dylib
0x000000000acfd000 	/usr/lib/system/libsystem_m.dylib
0x000000000acfd000 	/usr/lib/system/libsystem_malloc.dylib
0x000000000acfd000 	/usr/lib/system/libsystem_network.dylib
0x000000000acfd000 	/usr/lib/system/libsystem_networkextension.dylib
0x000000000acfd000 	/usr/lib/system/libsystem_notify.dylib
0x000000000acfd000 	/usr/lib/system/libsystem_platform.dylib
0x000000000acfd000 	/usr/lib/system/libsystem_pthread.dylib
0x000000000acfd000 	/usr/lib/system/libsystem_sandbox.dylib
0x000000000acfd000 	/usr/lib/system/libsystem_secinit.dylib
0x000000000acfd000 	/usr/lib/system/libsystem_stats.dylib
0x000000000acfd000 	/usr/lib/system/libsystem_trace.dylib
0x000000000acfd000 	/usr/lib/system/libunc.dylib
0x000000000acfd000 	/usr/lib/system/libunwind.dylib
0x000000000acfd000 	/usr/lib/system/libxpc.dylib
0x000000000acfd000 	/usr/lib/libbz2.1.0.dylib
0x000000000acfd000 	/usr/lib/liblzma.5.dylib
0x000000000acfd000 	/usr/lib/libbsm.0.dylib
0x000000000acfd000 	/usr/lib/libsqlite3.dylib
0x000000000acfd000 	/usr/lib/system/libkxld.dylib
0x000000000acfd000 	/usr/lib/libxar.1.dylib
0x000000000acfd000 	/usr/lib/libpam.2.dylib
0x000000000acfd000 	/usr/lib/libOpenScriptingUtil.dylib
0x000000000acfd000 	/System/Library/Frameworks/CoreServices.framework/Versions/A/Frameworks/FSEvents.framework/Versions/A/FSEvents
0x000000000acfd000 	/System/Library/Frameworks/CoreServices.framework/Versions/A/Frameworks/CarbonCore.framework/Versions/A/CarbonCore
0x000000000acfd000 	/System/Library/Frameworks/CoreServices.framework/Versions/A/Frameworks/Metadata.framework/Versions/A/Metadata
0x000000000acfd000 	/System/Library/Frameworks/CoreServices.framework/Versions/A/Frameworks/OSServices.framework/Versions/A/OSServices
0x000000000acfd000 	/System/Library/Frameworks/CoreServices.framework/Versions/A/Frameworks/SearchKit.framework/Versions/A/SearchKit
0x000000000acfd000 	/System/Library/Frameworks/CoreServices.framework/Versions/A/Frameworks/AE.framework/Versions/A/AE
0x000000000acfd000 	/System/Library/Frameworks/CoreServices.framework/Versions/A/Frameworks/LaunchServices.framework/Versions/A/LaunchServices
0x000000000acfd000 	/System/Library/Frameworks/CoreServices.framework/Versions/A/Frameworks/DictionaryServices.framework/Versions/A/DictionaryServices
0x000000000acfd000 	/System/Library/Frameworks/NetFS.framework/Versions/A/NetFS
0x000000000acfd000 	/System/Library/PrivateFrameworks/NetAuth.framework/Versions/A/NetAuth
0x000000000acfd000 	/System/Library/PrivateFrameworks/login.framework/Versions/A/Frameworks/loginsupport.framework/Versions/A/loginsupport
0x000000000acfd000 	/System/Library/PrivateFrameworks/TCC.framework/Versions/A/TCC
0x000000000acfd000 	/usr/lib/libmecabra.dylib
0x000000000acfd000 	/System/Library/Frameworks/ApplicationServices.framework/Versions/A/Frameworks/ATS.framework/Versions/A/ATS
0x000000000acfd000 	/System/Library/Frameworks/ApplicationServices.framework/Versions/A/Frameworks/ColorSync.framework/Versions/A/ColorSync
0x000000000acfd000 	/System/Library/Frameworks/ApplicationServices.framework/Versions/A/Frameworks/HIServices.framework/Versions/A/HIServices
0x000000000acfd000 	/System/Library/Frameworks/ApplicationServices.framework/Versions/A/Frameworks/LangAnalysis.framework/Versions/A/LangAnalysis
0x000000000acfd000 	/System/Library/Frameworks/ApplicationServices.framework/Versions/A/Frameworks/PrintCore.framework/Versions/A/PrintCore
0x000000000acfd000 	/System/Library/Frameworks/ApplicationServices.framework/Versions/A/Frameworks/QD.framework/Versions/A/QD
0x000000000acfd000 	/System/Library/Frameworks/ApplicationServices.framework/Versions/A/Frameworks/SpeechSynthesis.framework/Versions/A/SpeechSynthesis
0x000000000acfd000 	/System/Library/Frameworks/Accelerate.framework/Versions/A/Accelerate
0x000000000acfd000 	/System/Library/Frameworks/Accelerate.framework/Versions/A/Frameworks/vImage.framework/Versions/A/vImage
0x000000000acfd000 	/System/Library/Frameworks/Accelerate.framework/Versions/A/Frameworks/vecLib.framework/Versions/A/vecLib
0x000000000acfd000 	/System/Library/Frameworks/Accelerate.framework/Versions/A/Frameworks/vecLib.framework/Versions/A/libvDSP.dylib
0x000000000acfd000 	/System/Library/Frameworks/Accelerate.framework/Versions/A/Frameworks/vecLib.framework/Versions/A/libvMisc.dylib
0x000000000acfd000 	/System/Library/Frameworks/Accelerate.framework/Versions/A/Frameworks/vecLib.framework/Versions/A/libLAPACK.dylib
0x000000000acfd000 	/System/Library/Frameworks/Accelerate.framework/Versions/A/Frameworks/vecLib.framework/Versions/A/libBLAS.dylib
0x000000000acfd000 	/System/Library/Frameworks/Accelerate.framework/Versions/A/Frameworks/vecLib.framework/Versions/A/libLinearAlgebra.dylib
0x000000000acfd000 	/System/Library/Frameworks/ApplicationServices.framework/Versions/A/Frameworks/ATS.framework/Versions/A/Resources/libFontParser.dylib
0x000000000acfd000 	/System/Library/Frameworks/ApplicationServices.framework/Versions/A/Frameworks/ATS.framework/Versions/A/Resources/libFontRegistry.dylib
0x000000000acfd000 	/System/Library/PrivateFrameworks/AppleVPA.framework/Versions/A/AppleVPA
0x000000000acfd000 	/System/Library/PrivateFrameworks/AppleJPEG.framework/Versions/A/AppleJPEG
0x000000000acfd000 	/System/Library/Frameworks/ImageIO.framework/Versions/A/Resources/libJPEG.dylib
0x000000000acfd000 	/System/Library/Frameworks/ImageIO.framework/Versions/A/Resources/libTIFF.dylib
0x000000000acfd000 	/System/Library/Frameworks/ImageIO.framework/Versions/A/Resources/libPng.dylib
0x000000000acfd000 	/System/Library/Frameworks/ImageIO.framework/Versions/A/Resources/libGIF.dylib
0x000000000acfd000 	/System/Library/Frameworks/ImageIO.framework/Versions/A/Resources/libJP2.dylib
0x000000000acfd000 	/System/Library/Frameworks/ImageIO.framework/Versions/A/Resources/libRadiance.dylib
0x000000000acfd000 	/System/Library/Frameworks/CoreVideo.framework/Versions/A/CoreVideo
0x000000000acfd000 	/System/Library/Frameworks/OpenGL.framework/Versions/A/Libraries/libGLU.dylib
0x000000000acfd000 	/System/Library/Frameworks/OpenGL.framework/Versions/A/Libraries/libGFXShared.dylib
0x000000000acfd000 	/System/Library/Frameworks/OpenGL.framework/Versions/A/Libraries/libGL.dylib
0x000000000acfd000 	/System/Library/Frameworks/OpenGL.framework/Versions/A/Libraries/libGLImage.dylib
0x000000000acfd000 	/System/Library/Frameworks/OpenGL.framework/Versions/A/Libraries/libCVMSPluginSupport.dylib
0x000000000acfd000 	/System/Library/Frameworks/OpenGL.framework/Versions/A/Libraries/libCoreVMClient.dylib
0x000000000acfd000 	/usr/lib/libcups.2.dylib
0x000000000acfd000 	/System/Library/Frameworks/Kerberos.framework/Versions/A/Kerberos
0x000000000acfd000 	/System/Library/Frameworks/GSS.framework/Versions/A/GSS
0x000000000acfd000 	/usr/lib/libresolv.9.dylib
0x000000000acfd000 	/usr/lib/libiconv.2.dylib
0x000000000acfd000 	/System/Library/PrivateFrameworks/Heimdal.framework/Versions/A/Heimdal
0x000000000acfd000 	/usr/lib/libheimdal-asn1.dylib
0x000000000acfd000 	/System/Library/Frameworks/OpenDirectory.framework/Versions/A/OpenDirectory
0x000000000acfd000 	/System/Library/PrivateFrameworks/CommonAuth.framework/Versions/A/CommonAuth
0x000000000acfd000 	/System/Library/Frameworks/OpenDirectory.framework/Versions/A/Frameworks/CFOpenDirectory.framework/Versions/A/CFOpenDirectory
0x000000000acfd000 	/System/Library/Frameworks/SecurityFoundation.framework/Versions/A/SecurityFoundation
0x000000000acfd000 	/System/Library/PrivateFrameworks/LanguageModeling.framework/Versions/A/LanguageModeling
0x000000000acfd000 	/usr/lib/libcmph.dylib
0x000000000acfd000 	/System/Library/Frameworks/ServiceManagement.framework/Versions/A/ServiceManagement
0x000000000acfd000 	/usr/lib/libxslt.1.dylib
0x000000000acfd000 	/System/Library/Frameworks/Carbon.framework/Versions/A/Frameworks/Ink.framework/Versions/A/Ink
0x000000000acfd000 	/System/Library/Frameworks/QuartzCore.framework/Versions/A/Frameworks/CoreImage.framework/Versions/A/CoreImage
0x000000000acfd000 	/System/Library/PrivateFrameworks/CrashReporterSupport.framework/Versions/A/CrashReporterSupport
0x000000000acfd000 	/System/Library/Frameworks/OpenCL.framework/Versions/A/OpenCL
0x000000000acfd000 	/System/Library/PrivateFrameworks/FaceCore.framework/Versions/A/FaceCore
0x000000000acfd000 	/System/Library/PrivateFrameworks/Ubiquity.framework/Versions/A/Ubiquity
0x000000000acfd000 	/System/Library/PrivateFrameworks/IconServices.framework/Versions/A/IconServices
0x000000000acfd000 	/System/Library/PrivateFrameworks/ChunkingLibrary.framework/Versions/A/ChunkingLibrary
0x000000000acfd000 	/System/Library/PrivateFrameworks/Apple80211.framework/Versions/A/Apple80211
0x000000000acfd000 	/System/Library/Frameworks/CoreWLAN.framework/Versions/A/CoreWLAN
0x000000000acfd000 	/System/Library/Frameworks/IOBluetooth.framework/Versions/A/IOBluetooth
0x000000000acfd000 	/System/Library/PrivateFrameworks/CoreWiFi.framework/Versions/A/CoreWiFi
0x000000000acfd000 	/System/Library/Frameworks/CoreBluetooth.framework/Versions/A/CoreBluetooth
0x000000000acfd000 	/System/Library/PrivateFrameworks/DebugSymbols.framework/Versions/A/DebugSymbols
0x000000000acfd000 	/System/Library/PrivateFrameworks/CoreSymbolication.framework/Versions/A/CoreSymbolication
0x000000000acfd000 	/System/Library/PrivateFrameworks/Symbolication.framework/Versions/A/Symbolication
0x000000000acfd000 	/System/Library/PrivateFrameworks/SpeechRecognitionCore.framework/Versions/A/SpeechRecognitionCore
0x000000010fd37000 	/Library/Internet Plug-Ins/JavaAppletPlugin.plugin/Contents/Home/lib/server/libjvm.dylib
0x000000000acfd000 	/usr/lib/libstdc++.6.dylib
0x0000000110dda000 	/Library/Internet Plug-Ins/JavaAppletPlugin.plugin/Contents/Home/lib/libverify.dylib
0x0000000111200000 	/Library/Internet Plug-Ins/JavaAppletPlugin.plugin/Contents/Home/lib/libjava.dylib
0x0000000110df2000 	/Library/Internet Plug-Ins/JavaAppletPlugin.plugin/Contents/Home/lib/libzip.dylib
0x0000000126a3e000 	/System/Library/Frameworks/JavaVM.framework/Frameworks/JavaRuntimeSupport.framework/JavaRuntimeSupport
0x0000000126a54000 	/System/Library/Frameworks/JavaVM.framework/Versions/A/Frameworks/JavaNativeFoundation.framework/Versions/A/JavaNativeFoundation
0x0000000126a68000 	/System/Library/Frameworks/JavaVM.framework/Versions/A/JavaVM
0x000000000acfd000 	/System/Library/Frameworks/Carbon.framework/Versions/A/Carbon
0x0000000126a74000 	/System/Library/PrivateFrameworks/JavaLaunching.framework/Versions/A/JavaLaunching
0x000000000acfd000 	/System/Library/Frameworks/Carbon.framework/Versions/A/Frameworks/CommonPanels.framework/Versions/A/CommonPanels
0x000000000acfd000 	/System/Library/Frameworks/Carbon.framework/Versions/A/Frameworks/Help.framework/Versions/A/Help
0x000000000acfd000 	/System/Library/Frameworks/Carbon.framework/Versions/A/Frameworks/ImageCapture.framework/Versions/A/ImageCapture
0x000000000acfd000 	/System/Library/Frameworks/Carbon.framework/Versions/A/Frameworks/OpenScripting.framework/Versions/A/OpenScripting
0x000000000acfd000 	/System/Library/Frameworks/Carbon.framework/Versions/A/Frameworks/Print.framework/Versions/A/Print
0x000000000acfd000 	/System/Library/Frameworks/Carbon.framework/Versions/A/Frameworks/SecurityHI.framework/Versions/A/SecurityHI
0x00000001287a5000 	/Library/Internet Plug-Ins/JavaAppletPlugin.plugin/Contents/Home/lib/libprism_es2.dylib
0x000000000acfd000 	/System/Library/Frameworks/OpenGL.framework/Versions/A/Resources/GLEngine.bundle/GLEngine
0x000000000acfd000 	/System/Library/Frameworks/OpenGL.framework/Versions/A/Libraries/libGLProgrammability.dylib
0x000000000acfd000 	/System/Library/Frameworks/OpenGL.framework/Versions/A/Resources/GLRendererFloat.bundle/GLRendererFloat
0x000000000acfd000 	/System/Library/Frameworks/OpenCL.framework/Versions/A/Libraries/libcldcpuengine.dylib
0x000000000acfd000 	/System/Library/PrivateFrameworks/DiskImages.framework/Versions/A/DiskImages
0x000000000acfd000 	/System/Library/Frameworks/DiscRecording.framework/Versions/A/DiscRecording
0x000000000acfd000 	/usr/lib/libcsfde.dylib
0x000000000acfd000 	/usr/lib/libcurl.4.dylib
0x000000000acfd000 	/System/Library/PrivateFrameworks/MediaKit.framework/Versions/A/MediaKit
0x000000000acfd000 	/System/Library/PrivateFrameworks/ProtectedCloudStorage.framework/Versions/A/ProtectedCloudStorage
0x000000000acfd000 	/usr/lib/libCoreStorage.dylib
0x000000000acfd000 	/System/Library/PrivateFrameworks/EFILogin.framework/Versions/A/EFILogin
0x000000000acfd000 	/usr/lib/libutil.dylib
0x000000000acfd000 	/System/Library/PrivateFrameworks/FindMyDevice.framework/Versions/A/FindMyDevice
0x000000000acfd000 	/System/Library/Frameworks/LDAP.framework/Versions/A/LDAP
0x000000000acfd000 	/usr/lib/libsasl2.2.dylib
0x000000000acfd000 	/System/Library/PrivateFrameworks/CoreDaemon.framework/Versions/B/CoreDaemon
0x000000000acfd000 	/usr/lib/libcrypto.0.9.8.dylib
0x000000000acfd000 	/System/Library/PrivateFrameworks/AppleSRP.framework/Versions/A/AppleSRP
0x000000000acfd000 	/System/Library/PrivateFrameworks/TrustEvaluationAgent.framework/Versions/A/TrustEvaluationAgent

VM Arguments:
java_command: /Users/derp/Documents/Elec/SRP-Rate-Reviewer/build/Build.jar
java_class_path (initial): /Users/derp/Documents/Elec/SRP-Rate-Reviewer/build/Build.jar
Launcher Type: SUN_STANDARD

Environment Variables:
PATH=/usr/bin:/bin:/usr/sbin:/sbin
SHELL=/bin/bash

Signal Handlers:
SIGSEGV: [libjvm.dylib+0x5a6d31], sa_mask[0]=11111111011111110111111111111111, sa_flags=SA_ONSTACK|SA_RESTART|SA_SIGINFO
SIGBUS: [libjvm.dylib+0x5a6d31], sa_mask[0]=11111111011111110111111111111111, sa_flags=SA_RESTART|SA_SIGINFO
SIGFPE: [libjvm.dylib+0x480a40], sa_mask[0]=11111111011111110111111111111111, sa_flags=SA_RESTART|SA_SIGINFO
SIGPIPE: [libjvm.dylib+0x480a40], sa_mask[0]=11111111011111110111111111111111, sa_flags=SA_RESTART|SA_SIGINFO
SIGXFSZ: [libjvm.dylib+0x480a40], sa_mask[0]=11111111011111110111111111111111, sa_flags=SA_RESTART|SA_SIGINFO
SIGILL: [libjvm.dylib+0x480a40], sa_mask[0]=11111111011111110111111111111111, sa_flags=SA_RESTART|SA_SIGINFO
SIGUSR1: SIG_DFL, sa_mask[0]=00000000000000000000000000000000, sa_flags=none
SIGUSR2: [libjvm.dylib+0x48055e], sa_mask[0]=00000000000000000000000000000000, sa_flags=SA_RESTART|SA_SIGINFO
SIGHUP: [libjvm.dylib+0x47eb35], sa_mask[0]=11111111011111110111111111111111, sa_flags=SA_RESTART|SA_SIGINFO
SIGINT: [libjvm.dylib+0x47eb35], sa_mask[0]=11111111011111110111111111111111, sa_flags=SA_RESTART|SA_SIGINFO
SIGTERM: [libjvm.dylib+0x47eb35], sa_mask[0]=11111111011111110111111111111111, sa_flags=SA_RESTART|SA_SIGINFO
SIGQUIT: [libjvm.dylib+0x47eb35], sa_mask[0]=11111111011111110111111111111111, sa_flags=SA_RESTART|SA_SIGINFO


---------------  S Y S T E M  ---------------

OS:Bsduname:Darwin 14.1.0 Darwin Kernel Version 14.1.0: Mon Dec 22 23:10:38 PST 2014; root:xnu-2782.10.72~2/RELEASE_X86_64 x86_64
rlimit: STACK 8192k, CORE 0k, NPROC 709, NOFILE 10240, AS infinity
load average:3.89 4.85 7.69

CPU:total 2 (1 cores per cpu, 1 threads per core) family 6 model 42 stepping 7, cmov, cx8, fxsr, mmx, sse, sse2, sse3, ssse3, sse4.1, sse4.2, popcnt, avx, aes, clmul, tsc, tscinvbit

Memory: 4k page, physical 8388608k(991216k free)

/proc/meminfo:


vm_info: Java HotSpot(TM) 64-Bit Server VM (25.65-b01) for bsd-amd64 JRE (1.8.0_65-b17), built on Oct  6 2015 15:36:46 by "java_re" with gcc 4.2.1 (Based on Apple Inc. build 5658) (LLVM build 2336.11.00)

time: Fri Dec 11 16:24:17 2015
elapsed time: 4 seconds (0d 0h 0m 4s)

