#
# A fatal error has been detected by the Java Runtime Environment:
#
#  SIGSEGV (0xb) at pc=0x00007fff860390dd, pid=390, tid=17411
#
# JRE version: Java(TM) SE Runtime Environment (8.0_60-b27) (build 1.8.0_60-b27)
# Java VM: Java HotSpot(TM) 64-Bit Server VM (25.60-b23 mixed mode bsd-amd64 compressed oops)
# Problematic frame:
# C  [libobjc.A.dylib+0x10dd]  objc_msgSend+0x1d
#
# Core dump written. Default location: /cores/core or core.390
#
# If you would like to submit a bug report, please visit:
#   http://bugreport.java.com/bugreport/crash.jsp
# The crash happened outside the Java Virtual Machine in native code.
# See problematic frame for where to report the bug.
#

---------------  T H R E A D  ---------------

Current thread (0x00007fe9138ca000):  JavaThread "QuantumRenderer-0" daemon [_thread_in_native, id=17411, stack(0x0000000119c2a000,0x0000000119d2a000)]

siginfo: si_signo: 11 (SIGSEGV), si_code: 1 (SEGV_MAPERR), si_addr: 0x0000000000000018

Registers:
RAX=0x00007fe912d54df0, RBX=0x0000000000000000, RCX=0x0000000000000000, RDX=0x00007fe912d5efe0
RSP=0x0000000119d28e18, RBP=0x0000000119d28e60, RSI=0x00007fff8cca813c, RDI=0x00007fe912d5efe0
R8 =0x0000000000000002, R9 =0x00007fe912d00000, R10=0x00007fff8cca813c, R11=0x0000000000000000
R12=0x00007fff860390c0, R13=0x0000000000000000, R14=0x00007fe912d54df0, R15=0x0000000000000000
RIP=0x00007fff860390dd, EFLAGS=0x0000000000010246, ERR=0x0000000000000004
  TRAPNO=0x000000000000000e

Top of Stack: (sp=0x0000000119d28e18)
0x0000000119d28e18:   00007fff8c59cc9d 0000000000000000
0x0000000119d28e28:   0000000000000000 0000000000000000
0x0000000119d28e38:   0000000000000000 0000000000000000
0x0000000119d28e48:   0000000000000000 00007fff860390c0
0x0000000119d28e58:   0000000000000000 0000000119d28ed0
0x0000000119d28e68:   0000000119a556cb 0000000119d28efc
0x0000000119d28e78:   00007fe912d5efe0 00007fe912d15ab0
0x0000000119d28e88:   00007fe912d54df0 0000000119d28ed0
0x0000000119d28e98:   00000001012d3a8d 61001872651f0c90
0x0000000119d28ea8:   00000001017d8280 00007fe912d54df0
0x0000000119d28eb8:   0000000000000000 0000000119d28fb0
0x0000000119d28ec8:   00007fe912d5efe0 0000000119d28f30
0x0000000119d28ed8:   0000000119a55067 00007fe9138ca000
0x0000000119d28ee8:   0000000116ab70d8 00007fe9138ca000
0x0000000119d28ef8:   0000000116ab70d8 61001872651f0c90
0x0000000119d28f08:   0000000116ab70d8 0000000000000000
0x0000000119d28f18:   0000000116ab70d8 0000000119d28fb0
0x0000000119d28f28:   00007fe9138ca000 0000000119d28f90
0x0000000119d28f38:   00000001020ad954 00000001020b9823
0x0000000119d28f48:   00000001020ad6a2 0000000119d28f50
0x0000000119d28f58:   0000000116ab70d8 0000000119d28fb0
0x0000000119d28f68:   0000000116ac20a0 0000000000000000
0x0000000119d28f78:   0000000116ab70d8 0000000000000000
0x0000000119d28f88:   0000000119d28fb0 0000000119d29000
0x0000000119d28f98:   000000010209f760 0000000795b82208
0x0000000119d28fa8:   00000001020a7577 0000000795b965d0
0x0000000119d28fb8:   0000000795b94b80 0000000119d28fc0
0x0000000119d28fc8:   0000000116ab77e1 0000000119d29028
0x0000000119d28fd8:   0000000116ac20a0 0000000000000000
0x0000000119d28fe8:   0000000116ab7810 0000000119d28fb0
0x0000000119d28ff8:   0000000119d29018 0000000119d29070
0x0000000119d29008:   000000010209f420 0000000795b965d0 

Instructions: (pc=0x00007fff860390dd)
0x00007fff860390bd:   00 00 00 48 85 ff 2e 74 7a 40 f6 c7 01 2e 75 7e
0x00007fff860390cd:   49 bb f8 ff ff ff ff 7f 00 00 4c 23 1f 49 89 f2
0x00007fff860390dd:   45 23 53 18 49 c1 e2 04 4d 03 53 10 49 3b 32 75
0x00007fff860390ed:   04 41 ff 62 08 49 83 3a 00 74 6a 4d 3b 53 10 74 

Register to memory mapping:

RAX=0x00007fe912d54df0 is an unknown value
RBX=0x0000000000000000 is an unknown value
RCX=0x0000000000000000 is an unknown value
RDX=0x00007fe912d5efe0 is an unknown value
RSP=0x0000000119d28e18 is pointing into the stack for thread: 0x00007fe9138ca000
RBP=0x0000000119d28e60 is pointing into the stack for thread: 0x00007fe9138ca000
RSI=0x00007fff8cca813c: -[NSTitlebarContainerView shouldRoundCorners]+0x5cd5e in /System/Library/Frameworks/AppKit.framework/Versions/C/AppKit at 0x00007fff8c2d7000
RDI=0x00007fe912d5efe0 is an unknown value
R8 =0x0000000000000002 is an unknown value
R9 =0x00007fe912d00000 is an unknown value
R10=0x00007fff8cca813c: -[NSTitlebarContainerView shouldRoundCorners]+0x5cd5e in /System/Library/Frameworks/AppKit.framework/Versions/C/AppKit at 0x00007fff8c2d7000
R11=0x0000000000000000 is an unknown value
R12=0x00007fff860390c0: objc_msgSend+0 in /usr/lib/libobjc.A.dylib at 0x00007fff86038000
R13=0x0000000000000000 is an unknown value
R14=0x00007fe912d54df0 is an unknown value
R15=0x0000000000000000 is an unknown value


Stack: [0x0000000119c2a000,0x0000000119d2a000],  sp=0x0000000119d28e18,  free space=1019k
Native frames: (J=compiled Java code, j=interpreted, Vv=VM code, C=native code)
C  [libobjc.A.dylib+0x10dd]  objc_msgSend+0x1d
C  [libprism_es2.dylib+0x86cb]  createContext+0x12b
C  [libprism_es2.dylib+0x8067]  Java_com_sun_prism_es2_MacGLFactory_nInitialize+0x77
j  com.sun.prism.es2.MacGLFactory.nInitialize([I)J+0
j  com.sun.prism.es2.MacGLFactory.initialize(Ljava/lang/Class;Lcom/sun/prism/es2/GLPixelFormat$Attributes;)Z+73
j  com.sun.prism.es2.ES2Pipeline.<clinit>()V+49
v  ~StubRoutines::call_stub
V  [libjvm.dylib+0x2eab0e]  JavaCalls::call_helper(JavaValue*, methodHandle*, JavaCallArguments*, Thread*)+0x6ae
V  [libjvm.dylib+0x2bdc69]  InstanceKlass::call_class_initializer_impl(instanceKlassHandle, Thread*)+0xbf
V  [libjvm.dylib+0x2bf171]  InstanceKlass::initialize_impl(instanceKlassHandle, Thread*)+0x4b5
V  [libjvm.dylib+0x2bf407]  InstanceKlass::initialize(Thread*)+0x3d
V  [libjvm.dylib+0x342dd7]  find_class_from_class_loader(JNIEnv_*, Symbol*, unsigned char, Handle, Handle, unsigned char, Thread*)+0x56
V  [libjvm.dylib+0x34d2a2]  JVM_FindClassFromCaller+0x135
C  [libjava.dylib+0x236d]  Java_java_lang_Class_forName0+0x13f
j  java.lang.Class.forName0(Ljava/lang/String;ZLjava/lang/ClassLoader;Ljava/lang/Class;)Ljava/lang/Class;+0
j  java.lang.Class.forName(Ljava/lang/String;)Ljava/lang/Class;+11
j  com.sun.prism.GraphicsPipeline.createPipeline()Lcom/sun/prism/GraphicsPipeline;+232
j  com.sun.javafx.tk.quantum.QuantumRenderer$PipelineRunnable.init()V+0
j  com.sun.javafx.tk.quantum.QuantumRenderer$PipelineRunnable.run()V+1
j  java.lang.Thread.run()V+11
v  ~StubRoutines::call_stub
V  [libjvm.dylib+0x2eab0e]  JavaCalls::call_helper(JavaValue*, methodHandle*, JavaCallArguments*, Thread*)+0x6ae
V  [libjvm.dylib+0x2eb29c]  JavaCalls::call_virtual(JavaValue*, KlassHandle, Symbol*, Symbol*, JavaCallArguments*, Thread*)+0x164
V  [libjvm.dylib+0x2eb448]  JavaCalls::call_virtual(JavaValue*, Handle, KlassHandle, Symbol*, Symbol*, Thread*)+0x4a
V  [libjvm.dylib+0x345965]  thread_entry(JavaThread*, Thread*)+0x7c
V  [libjvm.dylib+0x5612d3]  JavaThread::thread_main_inner()+0x9b
V  [libjvm.dylib+0x5629ce]  JavaThread::run()+0x1c2
V  [libjvm.dylib+0x48343a]  java_start(Thread*)+0xf6
C  [libsystem_pthread.dylib+0x3268]  _pthread_body+0x83
C  [libsystem_pthread.dylib+0x31e5]  _pthread_body+0x0
C  [libsystem_pthread.dylib+0x141d]  thread_start+0xd
C  0x0000000000000000

Java frames: (J=compiled Java code, j=interpreted, Vv=VM code)
j  com.sun.prism.es2.MacGLFactory.nInitialize([I)J+0
j  com.sun.prism.es2.MacGLFactory.initialize(Ljava/lang/Class;Lcom/sun/prism/es2/GLPixelFormat$Attributes;)Z+73
j  com.sun.prism.es2.ES2Pipeline.<clinit>()V+49
v  ~StubRoutines::call_stub
j  java.lang.Class.forName0(Ljava/lang/String;ZLjava/lang/ClassLoader;Ljava/lang/Class;)Ljava/lang/Class;+0
j  java.lang.Class.forName(Ljava/lang/String;)Ljava/lang/Class;+11
j  com.sun.prism.GraphicsPipeline.createPipeline()Lcom/sun/prism/GraphicsPipeline;+232
j  com.sun.javafx.tk.quantum.QuantumRenderer$PipelineRunnable.init()V+0
j  com.sun.javafx.tk.quantum.QuantumRenderer$PipelineRunnable.run()V+1
j  java.lang.Thread.run()V+11
v  ~StubRoutines::call_stub

---------------  P R O C E S S  ---------------

Java Threads: ( => current thread )
=>0x00007fe9138ca000 JavaThread "QuantumRenderer-0" daemon [_thread_in_native, id=17411, stack(0x0000000119c2a000,0x0000000119d2a000)]
  0x00007fe913095000 JavaThread "Service Thread" daemon [_thread_blocked, id=16387, stack(0x0000000119781000,0x0000000119881000)]
  0x00007fe91308a000 JavaThread "C1 CompilerThread1" daemon [_thread_blocked, id=15875, stack(0x000000011967e000,0x000000011977e000)]
  0x00007fe913033000 JavaThread "C2 CompilerThread0" daemon [_thread_blocked, id=15363, stack(0x000000011957b000,0x000000011967b000)]
  0x00007fe913026000 JavaThread "Signal Dispatcher" daemon [_thread_blocked, id=12555, stack(0x0000000119478000,0x0000000119578000)]
  0x00007fe913021000 JavaThread "Finalizer" daemon [_thread_blocked, id=9987, stack(0x0000000117bc1000,0x0000000117cc1000)]
  0x00007fe913020000 JavaThread "Reference Handler" daemon [_thread_blocked, id=9475, stack(0x0000000117abe000,0x0000000117bbe000)]
  0x00007fe91300c000 JavaThread "main" [_thread_blocked, id=5895, stack(0x0000000101f40000,0x0000000102040000)]

Other Threads:
  0x00007fe91301d800 VMThread [stack: 0x00000001179bb000,0x0000000117abb000] [id=5383]
  0x00007fe913016800 WatcherThread [stack: 0x0000000119884000,0x0000000119984000] [id=16899]

VM state:not at safepoint (normal execution)

VM Mutex/Monitor currently owned by a thread: None

Heap:
 PSYoungGen      total 38400K, used 6657K [0x0000000795580000, 0x0000000798000000, 0x00000007c0000000)
  eden space 33280K, 20% used [0x0000000795580000,0x0000000795c00610,0x0000000797600000)
  from space 5120K, 0% used [0x0000000797b00000,0x0000000797b00000,0x0000000798000000)
  to   space 5120K, 0% used [0x0000000797600000,0x0000000797600000,0x0000000797b00000)
 ParOldGen       total 87552K, used 0K [0x0000000740000000, 0x0000000745580000, 0x0000000795580000)
  object space 87552K, 0% used [0x0000000740000000,0x0000000740000000,0x0000000745580000)
 Metaspace       used 5766K, capacity 5926K, committed 6144K, reserved 1056768K
  class space    used 642K, capacity 726K, committed 768K, reserved 1048576K

Card table byte_map: [0x0000000111a00000,0x0000000111e01000] byte_map_base: 0x000000010e000000

Marking Bits: (ParMarkBitMap*) 0x0000000101894e20
 Begin Bits: [0x00000001121af000, 0x00000001141af000)
 End Bits:   [0x00000001141af000, 0x00000001161af000)

Polling page: 0x0000000102085000

CodeCache: size=245760Kb used=1788Kb max_used=1789Kb free=243971Kb
 bounds [0x0000000102098000, 0x0000000102308000, 0x0000000111098000]
 total_blobs=677 nmethods=365 adapters=226
 compilation: enabled

Compilation events (10 events):
Event: 0.402 Thread 0x00007fe913033000 nmethod 351 0x0000000102256890 code [0x0000000102256a00, 0x0000000102256f58]
Event: 0.402 Thread 0x00007fe91308a000  357       3       java.util.concurrent.ConcurrentHashMap$Node::<init> (26 bytes)
Event: 0.402 Thread 0x00007fe913033000  356       4       java.util.concurrent.ConcurrentHashMap::setTabAt (19 bytes)
Event: 0.403 Thread 0x00007fe91308a000 nmethod 357 0x0000000102256450 code [0x00000001022565c0, 0x00000001022567d0]
Event: 0.403 Thread 0x00007fe91308a000  355       3       java.util.zip.ZipFile::access$1300 (5 bytes)
Event: 0.403 Thread 0x00007fe91308a000 nmethod 355 0x0000000102255f10 code [0x00000001022560a0, 0x0000000102256308]
Event: 0.403 Thread 0x00007fe91308a000  353   !   3       java.util.zip.ZipFile$ZipFileInputStream::read (131 bytes)
Event: 0.403 Thread 0x00007fe913033000 nmethod 356 0x0000000102254810 code [0x0000000102254940, 0x00000001022549b8]
Event: 0.407 Thread 0x00007fe91308a000 nmethod 353 0x0000000102253850 code [0x0000000102253a20, 0x00000001022542c8]
Event: 0.407 Thread 0x00007fe91308a000  362       1       java.util.jar.Manifest::getMainAttributes (5 bytes)

GC Heap History (0 events):
No events

Deoptimization events (1 events):
Event: 0.198 Thread 0x00007fe91300c000 Uncommon trap: reason=unstable_if action=reinterpret pc=0x00000001021ce9ac method=java.lang.String.hashCode()I @ 14

Internal exceptions (9 events):
Event: 0.049 Thread 0x00007fe91300c000 Exception <a 'java/lang/NoSuchMethodError': Method sun.misc.Unsafe.defineClass(Ljava/lang/String;[BII)Ljava/lang/Class; name or signature does not match> (0x0000000795592f10) thrown at [/Users/java_re/workspace/8-2-build-macosx-x86_64/jdk8u60/4407/hotspot
Event: 0.049 Thread 0x00007fe91300c000 Exception <a 'java/lang/NoSuchMethodError': Method sun.misc.Unsafe.prefetchRead(Ljava/lang/Object;J)V name or signature does not match> (0x00000007955931f8) thrown at [/Users/java_re/workspace/8-2-build-macosx-x86_64/jdk8u60/4407/hotspot/src/share/vm/prim
Event: 0.275 Thread 0x00007fe91300c000 Exception <a 'java/lang/NoSuchFieldError': method resolution failed> (0x0000000795913ec8) thrown at [/Users/java_re/workspace/8-2-build-macosx-x86_64/jdk8u60/4407/hotspot/src/share/vm/prims/methodHandles.cpp, line 1146]
Event: 0.280 Thread 0x00007fe91300c000 Exception <a 'java/lang/NoSuchFieldError': method resolution failed> (0x0000000795921248) thrown at [/Users/java_re/workspace/8-2-build-macosx-x86_64/jdk8u60/4407/hotspot/src/share/vm/prims/methodHandles.cpp, line 1146]
Event: 0.312 Thread 0x00007fe91300c000 Exception <a 'java/security/PrivilegedActionException'> (0x00000007959aee48) thrown at [/Users/java_re/workspace/8-2-build-macosx-x86_64/jdk8u60/4407/hotspot/src/share/vm/prims/jvm.cpp, line 1386]
Event: 0.312 Thread 0x00007fe91300c000 Exception <a 'java/security/PrivilegedActionException'> (0x00000007959af058) thrown at [/Users/java_re/workspace/8-2-build-macosx-x86_64/jdk8u60/4407/hotspot/src/share/vm/prims/jvm.cpp, line 1386]
Event: 0.312 Thread 0x00007fe91300c000 Exception <a 'java/security/PrivilegedActionException'> (0x00000007959b22f8) thrown at [/Users/java_re/workspace/8-2-build-macosx-x86_64/jdk8u60/4407/hotspot/src/share/vm/prims/jvm.cpp, line 1386]
Event: 0.312 Thread 0x00007fe91300c000 Exception <a 'java/security/PrivilegedActionException'> (0x00000007959b2508) thrown at [/Users/java_re/workspace/8-2-build-macosx-x86_64/jdk8u60/4407/hotspot/src/share/vm/prims/jvm.cpp, line 1386]
Event: 0.314 Thread 0x00007fe91300c000 Exception <a 'java/lang/NullPointerException'> (0x00000007959b2cf8) thrown at [/Users/java_re/workspace/8-2-build-macosx-x86_64/jdk8u60/4407/hotspot/src/share/vm/interpreter/linkResolver.cpp, line 1178]

Events (10 events):
Event: 0.401 loading class com/sun/prism/es2/MacGLContext done
Event: 0.401 loading class com/sun/prism/es2/GLDrawable
Event: 0.401 loading class com/sun/prism/es2/GLDrawable done
Event: 0.401 loading class com/sun/prism/es2/MacGLDrawable
Event: 0.401 loading class com/sun/prism/es2/MacGLDrawable done
Event: 0.401 loading class com/sun/prism/es2/MacGLPixelFormat
Event: 0.401 loading class com/sun/prism/es2/MacGLPixelFormat done
Event: 0.401 loading class com/sun/prism/es2/GLGPUInfo
Event: 0.401 loading class com/sun/prism/es2/GLGPUInfo done
Event: 0.403 loading class java/util/concurrent/locks/LockSupport


Dynamic libraries:
0x00000000032b2000 	/System/Library/Frameworks/Cocoa.framework/Versions/A/Cocoa
0x00000000032b2000 	/System/Library/Frameworks/Security.framework/Versions/A/Security
0x00000000032b2000 	/System/Library/Frameworks/ApplicationServices.framework/Versions/A/ApplicationServices
0x00000000032b2000 	/usr/lib/libz.1.dylib
0x00000000032b2000 	/usr/lib/libSystem.B.dylib
0x00000000032b2000 	/usr/lib/libobjc.A.dylib
0x00000000032b2000 	/System/Library/Frameworks/CoreFoundation.framework/Versions/A/CoreFoundation
0x00000000032b2000 	/System/Library/Frameworks/Foundation.framework/Versions/C/Foundation
0x00000000032b2000 	/System/Library/Frameworks/AppKit.framework/Versions/C/AppKit
0x00000000032b2000 	/System/Library/Frameworks/CoreData.framework/Versions/A/CoreData
0x00000000032b2000 	/System/Library/PrivateFrameworks/RemoteViewServices.framework/Versions/A/RemoteViewServices
0x00000000032b2000 	/System/Library/PrivateFrameworks/UIFoundation.framework/Versions/A/UIFoundation
0x00000000032b2000 	/System/Library/Frameworks/IOSurface.framework/Versions/A/IOSurface
0x00000000032b2000 	/System/Library/Frameworks/AudioToolbox.framework/Versions/A/AudioToolbox
0x00000000032b2000 	/System/Library/Frameworks/AudioUnit.framework/Versions/A/AudioUnit
0x00000000032b2000 	/System/Library/PrivateFrameworks/DataDetectorsCore.framework/Versions/A/DataDetectorsCore
0x00000000032b2000 	/System/Library/PrivateFrameworks/DesktopServicesPriv.framework/Versions/A/DesktopServicesPriv
0x00000000032b2000 	/System/Library/Frameworks/Carbon.framework/Versions/A/Frameworks/HIToolbox.framework/Versions/A/HIToolbox
0x00000000032b2000 	/System/Library/Frameworks/QuartzCore.framework/Versions/A/QuartzCore
0x00000000032b2000 	/System/Library/Frameworks/Carbon.framework/Versions/A/Frameworks/SpeechRecognition.framework/Versions/A/SpeechRecognition
0x00000000032b2000 	/usr/lib/libauto.dylib
0x00000000032b2000 	/usr/lib/libicucore.A.dylib
0x00000000032b2000 	/usr/lib/libxml2.2.dylib
0x00000000032b2000 	/System/Library/PrivateFrameworks/CoreUI.framework/Versions/A/CoreUI
0x00000000032b2000 	/System/Library/Frameworks/CoreAudio.framework/Versions/A/CoreAudio
0x00000000032b2000 	/System/Library/Frameworks/DiskArbitration.framework/Versions/A/DiskArbitration
0x00000000032b2000 	/usr/lib/liblangid.dylib
0x00000000032b2000 	/System/Library/PrivateFrameworks/MultitouchSupport.framework/Versions/A/MultitouchSupport
0x00000000032b2000 	/System/Library/Frameworks/IOKit.framework/Versions/A/IOKit
0x00000000032b2000 	/usr/lib/libDiagnosticMessagesClient.dylib
0x00000000032b2000 	/System/Library/Frameworks/CoreServices.framework/Versions/A/CoreServices
0x00000000032b2000 	/System/Library/PrivateFrameworks/PerformanceAnalysis.framework/Versions/A/PerformanceAnalysis
0x00000000032b2000 	/System/Library/PrivateFrameworks/GenerationalStorage.framework/Versions/A/GenerationalStorage
0x00000000032b2000 	/System/Library/Frameworks/OpenGL.framework/Versions/A/OpenGL
0x00000000032b2000 	/System/Library/PrivateFrameworks/Sharing.framework/Versions/A/Sharing
0x00000000032b2000 	/System/Library/Frameworks/CoreGraphics.framework/Versions/A/CoreGraphics
0x00000000032b2000 	/System/Library/Frameworks/CoreText.framework/Versions/A/CoreText
0x00000000032b2000 	/System/Library/Frameworks/ImageIO.framework/Versions/A/ImageIO
0x00000000032b2000 	/usr/lib/libextension.dylib
0x00000000032b2000 	/System/Library/PrivateFrameworks/Backup.framework/Versions/A/Backup
0x00000000032b2000 	/usr/lib/libarchive.2.dylib
0x00000000032b2000 	/System/Library/Frameworks/CFNetwork.framework/Versions/A/CFNetwork
0x00000000032b2000 	/System/Library/Frameworks/SystemConfiguration.framework/Versions/A/SystemConfiguration
0x00000000032b2000 	/usr/lib/libCRFSuite.dylib
0x00000000032b2000 	/usr/lib/libc++.1.dylib
0x00000000032b2000 	/usr/lib/libc++abi.dylib
0x00000000032b2000 	/usr/lib/system/libcache.dylib
0x00000000032b2000 	/usr/lib/system/libcommonCrypto.dylib
0x00000000032b2000 	/usr/lib/system/libcompiler_rt.dylib
0x00000000032b2000 	/usr/lib/system/libcopyfile.dylib
0x00000000032b2000 	/usr/lib/system/libcorecrypto.dylib
0x00000000032b2000 	/usr/lib/system/libdispatch.dylib
0x00000000032b2000 	/usr/lib/system/libdyld.dylib
0x00000000032b2000 	/usr/lib/system/libkeymgr.dylib
0x00000000032b2000 	/usr/lib/system/liblaunch.dylib
0x00000000032b2000 	/usr/lib/system/libmacho.dylib
0x00000000032b2000 	/usr/lib/system/libquarantine.dylib
0x00000000032b2000 	/usr/lib/system/libremovefile.dylib
0x00000000032b2000 	/usr/lib/system/libsystem_asl.dylib
0x00000000032b2000 	/usr/lib/system/libsystem_blocks.dylib
0x00000000032b2000 	/usr/lib/system/libsystem_c.dylib
0x00000000032b2000 	/usr/lib/system/libsystem_configuration.dylib
0x00000000032b2000 	/usr/lib/system/libsystem_coreservices.dylib
0x00000000032b2000 	/usr/lib/system/libsystem_coretls.dylib
0x00000000032b2000 	/usr/lib/system/libsystem_dnssd.dylib
0x00000000032b2000 	/usr/lib/system/libsystem_info.dylib
0x00000000032b2000 	/usr/lib/system/libsystem_kernel.dylib
0x00000000032b2000 	/usr/lib/system/libsystem_m.dylib
0x00000000032b2000 	/usr/lib/system/libsystem_malloc.dylib
0x00000000032b2000 	/usr/lib/system/libsystem_network.dylib
0x00000000032b2000 	/usr/lib/system/libsystem_networkextension.dylib
0x00000000032b2000 	/usr/lib/system/libsystem_notify.dylib
0x00000000032b2000 	/usr/lib/system/libsystem_platform.dylib
0x00000000032b2000 	/usr/lib/system/libsystem_pthread.dylib
0x00000000032b2000 	/usr/lib/system/libsystem_sandbox.dylib
0x00000000032b2000 	/usr/lib/system/libsystem_secinit.dylib
0x00000000032b2000 	/usr/lib/system/libsystem_stats.dylib
0x00000000032b2000 	/usr/lib/system/libsystem_trace.dylib
0x00000000032b2000 	/usr/lib/system/libunc.dylib
0x00000000032b2000 	/usr/lib/system/libunwind.dylib
0x00000000032b2000 	/usr/lib/system/libxpc.dylib
0x00000000032b2000 	/usr/lib/libbz2.1.0.dylib
0x00000000032b2000 	/usr/lib/liblzma.5.dylib
0x00000000032b2000 	/usr/lib/libbsm.0.dylib
0x00000000032b2000 	/usr/lib/libsqlite3.dylib
0x00000000032b2000 	/usr/lib/system/libkxld.dylib
0x00000000032b2000 	/usr/lib/libxar.1.dylib
0x00000000032b2000 	/usr/lib/libpam.2.dylib
0x00000000032b2000 	/usr/lib/libOpenScriptingUtil.dylib
0x00000000032b2000 	/System/Library/Frameworks/CoreServices.framework/Versions/A/Frameworks/FSEvents.framework/Versions/A/FSEvents
0x00000000032b2000 	/System/Library/Frameworks/CoreServices.framework/Versions/A/Frameworks/CarbonCore.framework/Versions/A/CarbonCore
0x00000000032b2000 	/System/Library/Frameworks/CoreServices.framework/Versions/A/Frameworks/Metadata.framework/Versions/A/Metadata
0x00000000032b2000 	/System/Library/Frameworks/CoreServices.framework/Versions/A/Frameworks/OSServices.framework/Versions/A/OSServices
0x00000000032b2000 	/System/Library/Frameworks/CoreServices.framework/Versions/A/Frameworks/SearchKit.framework/Versions/A/SearchKit
0x00000000032b2000 	/System/Library/Frameworks/CoreServices.framework/Versions/A/Frameworks/AE.framework/Versions/A/AE
0x00000000032b2000 	/System/Library/Frameworks/CoreServices.framework/Versions/A/Frameworks/LaunchServices.framework/Versions/A/LaunchServices
0x00000000032b2000 	/System/Library/Frameworks/CoreServices.framework/Versions/A/Frameworks/DictionaryServices.framework/Versions/A/DictionaryServices
0x00000000032b2000 	/System/Library/Frameworks/NetFS.framework/Versions/A/NetFS
0x00000000032b2000 	/System/Library/PrivateFrameworks/NetAuth.framework/Versions/A/NetAuth
0x00000000032b2000 	/System/Library/PrivateFrameworks/login.framework/Versions/A/Frameworks/loginsupport.framework/Versions/A/loginsupport
0x00000000032b2000 	/System/Library/PrivateFrameworks/TCC.framework/Versions/A/TCC
0x00000000032b2000 	/usr/lib/libmecabra.dylib
0x00000000032b2000 	/System/Library/Frameworks/ApplicationServices.framework/Versions/A/Frameworks/ATS.framework/Versions/A/ATS
0x00000000032b2000 	/System/Library/Frameworks/ApplicationServices.framework/Versions/A/Frameworks/ColorSync.framework/Versions/A/ColorSync
0x00000000032b2000 	/System/Library/Frameworks/ApplicationServices.framework/Versions/A/Frameworks/HIServices.framework/Versions/A/HIServices
0x00000000032b2000 	/System/Library/Frameworks/ApplicationServices.framework/Versions/A/Frameworks/LangAnalysis.framework/Versions/A/LangAnalysis
0x00000000032b2000 	/System/Library/Frameworks/ApplicationServices.framework/Versions/A/Frameworks/PrintCore.framework/Versions/A/PrintCore
0x00000000032b2000 	/System/Library/Frameworks/ApplicationServices.framework/Versions/A/Frameworks/QD.framework/Versions/A/QD
0x00000000032b2000 	/System/Library/Frameworks/ApplicationServices.framework/Versions/A/Frameworks/SpeechSynthesis.framework/Versions/A/SpeechSynthesis
0x00000000032b2000 	/System/Library/Frameworks/Accelerate.framework/Versions/A/Accelerate
0x00000000032b2000 	/System/Library/Frameworks/Accelerate.framework/Versions/A/Frameworks/vImage.framework/Versions/A/vImage
0x00000000032b2000 	/System/Library/Frameworks/Accelerate.framework/Versions/A/Frameworks/vecLib.framework/Versions/A/vecLib
0x00000000032b2000 	/System/Library/Frameworks/Accelerate.framework/Versions/A/Frameworks/vecLib.framework/Versions/A/libvDSP.dylib
0x00000000032b2000 	/System/Library/Frameworks/Accelerate.framework/Versions/A/Frameworks/vecLib.framework/Versions/A/libvMisc.dylib
0x00000000032b2000 	/System/Library/Frameworks/Accelerate.framework/Versions/A/Frameworks/vecLib.framework/Versions/A/libLAPACK.dylib
0x00000000032b2000 	/System/Library/Frameworks/Accelerate.framework/Versions/A/Frameworks/vecLib.framework/Versions/A/libBLAS.dylib
0x00000000032b2000 	/System/Library/Frameworks/Accelerate.framework/Versions/A/Frameworks/vecLib.framework/Versions/A/libLinearAlgebra.dylib
0x00000000032b2000 	/System/Library/Frameworks/ApplicationServices.framework/Versions/A/Frameworks/ATS.framework/Versions/A/Resources/libFontParser.dylib
0x00000000032b2000 	/System/Library/Frameworks/ApplicationServices.framework/Versions/A/Frameworks/ATS.framework/Versions/A/Resources/libFontRegistry.dylib
0x00000000032b2000 	/System/Library/PrivateFrameworks/AppleVPA.framework/Versions/A/AppleVPA
0x00000000032b2000 	/System/Library/PrivateFrameworks/AppleJPEG.framework/Versions/A/AppleJPEG
0x00000000032b2000 	/System/Library/Frameworks/ImageIO.framework/Versions/A/Resources/libJPEG.dylib
0x00000000032b2000 	/System/Library/Frameworks/ImageIO.framework/Versions/A/Resources/libTIFF.dylib
0x00000000032b2000 	/System/Library/Frameworks/ImageIO.framework/Versions/A/Resources/libPng.dylib
0x00000000032b2000 	/System/Library/Frameworks/ImageIO.framework/Versions/A/Resources/libGIF.dylib
0x00000000032b2000 	/System/Library/Frameworks/ImageIO.framework/Versions/A/Resources/libJP2.dylib
0x00000000032b2000 	/System/Library/Frameworks/ImageIO.framework/Versions/A/Resources/libRadiance.dylib
0x00000000032b2000 	/System/Library/Frameworks/CoreVideo.framework/Versions/A/CoreVideo
0x00000000032b2000 	/System/Library/Frameworks/OpenGL.framework/Versions/A/Libraries/libGLU.dylib
0x00000000032b2000 	/System/Library/Frameworks/OpenGL.framework/Versions/A/Libraries/libGFXShared.dylib
0x00000000032b2000 	/System/Library/Frameworks/OpenGL.framework/Versions/A/Libraries/libGL.dylib
0x00000000032b2000 	/System/Library/Frameworks/OpenGL.framework/Versions/A/Libraries/libGLImage.dylib
0x00000000032b2000 	/System/Library/Frameworks/OpenGL.framework/Versions/A/Libraries/libCVMSPluginSupport.dylib
0x00000000032b2000 	/System/Library/Frameworks/OpenGL.framework/Versions/A/Libraries/libCoreVMClient.dylib
0x00000000032b2000 	/usr/lib/libcups.2.dylib
0x00000000032b2000 	/System/Library/Frameworks/Kerberos.framework/Versions/A/Kerberos
0x00000000032b2000 	/System/Library/Frameworks/GSS.framework/Versions/A/GSS
0x00000000032b2000 	/usr/lib/libresolv.9.dylib
0x00000000032b2000 	/usr/lib/libiconv.2.dylib
0x00000000032b2000 	/System/Library/PrivateFrameworks/Heimdal.framework/Versions/A/Heimdal
0x00000000032b2000 	/usr/lib/libheimdal-asn1.dylib
0x00000000032b2000 	/System/Library/Frameworks/OpenDirectory.framework/Versions/A/OpenDirectory
0x00000000032b2000 	/System/Library/PrivateFrameworks/CommonAuth.framework/Versions/A/CommonAuth
0x00000000032b2000 	/System/Library/Frameworks/OpenDirectory.framework/Versions/A/Frameworks/CFOpenDirectory.framework/Versions/A/CFOpenDirectory
0x00000000032b2000 	/System/Library/Frameworks/SecurityFoundation.framework/Versions/A/SecurityFoundation
0x00000000032b2000 	/System/Library/PrivateFrameworks/LanguageModeling.framework/Versions/A/LanguageModeling
0x00000000032b2000 	/usr/lib/libcmph.dylib
0x00000000032b2000 	/System/Library/Frameworks/ServiceManagement.framework/Versions/A/ServiceManagement
0x00000000032b2000 	/usr/lib/libxslt.1.dylib
0x00000000032b2000 	/System/Library/Frameworks/Carbon.framework/Versions/A/Frameworks/Ink.framework/Versions/A/Ink
0x00000000032b2000 	/System/Library/Frameworks/QuartzCore.framework/Versions/A/Frameworks/CoreImage.framework/Versions/A/CoreImage
0x00000000032b2000 	/System/Library/PrivateFrameworks/CrashReporterSupport.framework/Versions/A/CrashReporterSupport
0x00000000032b2000 	/System/Library/Frameworks/OpenCL.framework/Versions/A/OpenCL
0x00000000032b2000 	/System/Library/PrivateFrameworks/FaceCore.framework/Versions/A/FaceCore
0x00000000032b2000 	/System/Library/PrivateFrameworks/Ubiquity.framework/Versions/A/Ubiquity
0x00000000032b2000 	/System/Library/PrivateFrameworks/IconServices.framework/Versions/A/IconServices
0x00000000032b2000 	/System/Library/PrivateFrameworks/ChunkingLibrary.framework/Versions/A/ChunkingLibrary
0x00000000032b2000 	/System/Library/PrivateFrameworks/Apple80211.framework/Versions/A/Apple80211
0x00000000032b2000 	/System/Library/Frameworks/CoreWLAN.framework/Versions/A/CoreWLAN
0x00000000032b2000 	/System/Library/Frameworks/IOBluetooth.framework/Versions/A/IOBluetooth
0x00000000032b2000 	/System/Library/PrivateFrameworks/CoreWiFi.framework/Versions/A/CoreWiFi
0x00000000032b2000 	/System/Library/Frameworks/CoreBluetooth.framework/Versions/A/CoreBluetooth
0x00000000032b2000 	/System/Library/PrivateFrameworks/DebugSymbols.framework/Versions/A/DebugSymbols
0x00000000032b2000 	/System/Library/PrivateFrameworks/CoreSymbolication.framework/Versions/A/CoreSymbolication
0x00000000032b2000 	/System/Library/PrivateFrameworks/Symbolication.framework/Versions/A/Symbolication
0x00000000032b2000 	/System/Library/PrivateFrameworks/SpeechRecognitionCore.framework/Versions/A/SpeechRecognitionCore
0x0000000100fb6000 	/Library/Java/JavaVirtualMachines/jdk1.8.0_60.jdk/Contents/Home/jre/lib/server/libjvm.dylib
0x00000000032b2000 	/usr/lib/libstdc++.6.dylib
0x0000000102042000 	/Library/Java/JavaVirtualMachines/jdk1.8.0_60.jdk/Contents/Home/jre/lib/libverify.dylib
0x0000000102050000 	/Library/Java/JavaVirtualMachines/jdk1.8.0_60.jdk/Contents/Home/jre/lib/libjava.dylib
0x000000010208f000 	/Library/Java/JavaVirtualMachines/jdk1.8.0_60.jdk/Contents/Home/jre/lib/libzip.dylib
0x0000000117cc3000 	/System/Library/Frameworks/JavaVM.framework/Frameworks/JavaRuntimeSupport.framework/JavaRuntimeSupport
0x0000000117cd9000 	/System/Library/Frameworks/JavaVM.framework/Versions/A/Frameworks/JavaNativeFoundation.framework/Versions/A/JavaNativeFoundation
0x0000000117ced000 	/System/Library/Frameworks/JavaVM.framework/Versions/A/JavaVM
0x00000000032b2000 	/System/Library/Frameworks/Carbon.framework/Versions/A/Carbon
0x00000001115f5000 	/System/Library/PrivateFrameworks/JavaLaunching.framework/Versions/A/JavaLaunching
0x00000000032b2000 	/System/Library/Frameworks/Carbon.framework/Versions/A/Frameworks/CommonPanels.framework/Versions/A/CommonPanels
0x00000000032b2000 	/System/Library/Frameworks/Carbon.framework/Versions/A/Frameworks/Help.framework/Versions/A/Help
0x00000000032b2000 	/System/Library/Frameworks/Carbon.framework/Versions/A/Frameworks/ImageCapture.framework/Versions/A/ImageCapture
0x00000000032b2000 	/System/Library/Frameworks/Carbon.framework/Versions/A/Frameworks/OpenScripting.framework/Versions/A/OpenScripting
0x00000000032b2000 	/System/Library/Frameworks/Carbon.framework/Versions/A/Frameworks/Print.framework/Versions/A/Print
0x00000000032b2000 	/System/Library/Frameworks/Carbon.framework/Versions/A/Frameworks/SecurityHI.framework/Versions/A/SecurityHI
0x0000000119a4d000 	/Library/Java/JavaVirtualMachines/jdk1.8.0_60.jdk/Contents/Home/jre/lib/libprism_es2.dylib
0x00000000032b2000 	/System/Library/Frameworks/OpenGL.framework/Versions/A/Resources/GLEngine.bundle/GLEngine
0x00000000032b2000 	/System/Library/Frameworks/OpenGL.framework/Versions/A/Libraries/libGLProgrammability.dylib
0x00000000032b2000 	/System/Library/Frameworks/OpenGL.framework/Versions/A/Resources/GLRendererFloat.bundle/GLRendererFloat
0x00000000032b2000 	/System/Library/Frameworks/OpenCL.framework/Versions/A/Libraries/libcldcpuengine.dylib
0x00000000032b2000 	/System/Library/PrivateFrameworks/DiskImages.framework/Versions/A/DiskImages
0x00000000032b2000 	/System/Library/Frameworks/DiscRecording.framework/Versions/A/DiscRecording
0x00000000032b2000 	/usr/lib/libcsfde.dylib
0x00000000032b2000 	/usr/lib/libcurl.4.dylib
0x00000000032b2000 	/System/Library/PrivateFrameworks/MediaKit.framework/Versions/A/MediaKit
0x00000000032b2000 	/System/Library/PrivateFrameworks/ProtectedCloudStorage.framework/Versions/A/ProtectedCloudStorage
0x00000000032b2000 	/usr/lib/libCoreStorage.dylib
0x00000000032b2000 	/System/Library/PrivateFrameworks/EFILogin.framework/Versions/A/EFILogin
0x00000000032b2000 	/usr/lib/libutil.dylib
0x00000000032b2000 	/System/Library/PrivateFrameworks/FindMyDevice.framework/Versions/A/FindMyDevice
0x00000000032b2000 	/System/Library/Frameworks/LDAP.framework/Versions/A/LDAP
0x00000000032b2000 	/usr/lib/libsasl2.2.dylib
0x00000000032b2000 	/System/Library/PrivateFrameworks/CoreDaemon.framework/Versions/B/CoreDaemon
0x00000000032b2000 	/usr/lib/libcrypto.0.9.8.dylib
0x00000000032b2000 	/System/Library/PrivateFrameworks/AppleSRP.framework/Versions/A/AppleSRP
0x00000000032b2000 	/System/Library/PrivateFrameworks/TrustEvaluationAgent.framework/Versions/A/TrustEvaluationAgent

VM Arguments:
java_command: Build.jar
java_class_path (initial): Build.jar
Launcher Type: SUN_STANDARD

Environment Variables:
PATH=/usr/local/bin:/usr/bin:/bin:/usr/sbin:/sbin
SHELL=/bin/bash

Signal Handlers:
SIGSEGV: [libjvm.dylib+0x5a6d31], sa_mask[0]=11111111011111110111111111111111, sa_flags=SA_ONSTACK|SA_RESTART|SA_SIGINFO
SIGBUS: [libjvm.dylib+0x5a6d31], sa_mask[0]=11111111011111110111111111111111, sa_flags=SA_RESTART|SA_SIGINFO
SIGFPE: [libjvm.dylib+0x480a4c], sa_mask[0]=11111111011111110111111111111111, sa_flags=SA_RESTART|SA_SIGINFO
SIGPIPE: [libjvm.dylib+0x480a4c], sa_mask[0]=11111111011111110111111111111111, sa_flags=SA_RESTART|SA_SIGINFO
SIGXFSZ: [libjvm.dylib+0x480a4c], sa_mask[0]=11111111011111110111111111111111, sa_flags=SA_RESTART|SA_SIGINFO
SIGILL: [libjvm.dylib+0x480a4c], sa_mask[0]=11111111011111110111111111111111, sa_flags=SA_RESTART|SA_SIGINFO
SIGUSR1: SIG_DFL, sa_mask[0]=11011111011111100000000111000110, sa_flags=none
SIGUSR2: [libjvm.dylib+0x48056a], sa_mask[0]=00000000000000000000000000000000, sa_flags=SA_RESTART|SA_SIGINFO
SIGHUP: [libjvm.dylib+0x47eb41], sa_mask[0]=11111111011111110111111111111111, sa_flags=SA_RESTART|SA_SIGINFO
SIGINT: [libjvm.dylib+0x47eb41], sa_mask[0]=11111111011111110111111111111111, sa_flags=SA_RESTART|SA_SIGINFO
SIGTERM: [libjvm.dylib+0x47eb41], sa_mask[0]=11111111011111110111111111111111, sa_flags=SA_RESTART|SA_SIGINFO
SIGQUIT: [libjvm.dylib+0x47eb41], sa_mask[0]=11111111011111110111111111111111, sa_flags=SA_RESTART|SA_SIGINFO


---------------  S Y S T E M  ---------------

OS:Bsduname:Darwin 14.1.0 Darwin Kernel Version 14.1.0: Mon Dec 22 23:10:38 PST 2014; root:xnu-2782.10.72~2/RELEASE_X86_64 x86_64
rlimit: STACK 8192k, CORE infinity, NPROC 709, NOFILE 10240, AS infinity
load average:3.89 2.80 1.36

CPU:total 2 (1 cores per cpu, 1 threads per core) family 6 model 42 stepping 7, cmov, cx8, fxsr, mmx, sse, sse2, sse3, ssse3, sse4.1, sse4.2, popcnt, avx, aes, clmul, tsc, tscinvbit

Memory: 4k page, physical 8388608k(1636384k free)

/proc/meminfo:


vm_info: Java HotSpot(TM) 64-Bit Server VM (25.60-b23) for bsd-amd64 JRE (1.8.0_60-b27), built on Aug  4 2015 10:47:24 by "java_re" with gcc 4.2.1 (Based on Apple Inc. build 5658) (LLVM build 2336.11.00)

time: Tue Sep  8 00:03:01 2015
elapsed time: 0 seconds (0d 0h 0m 0s)

