#
# A fatal error has been detected by the Java Runtime Environment:
#
#  SIGSEGV (0xb) at pc=0x00007fff860390dd, pid=388, tid=17411
#
# JRE version: Java(TM) SE Runtime Environment (8.0_60-b27) (build 1.8.0_60-b27)
# Java VM: Java HotSpot(TM) 64-Bit Server VM (25.60-b23 mixed mode bsd-amd64 compressed oops)
# Problematic frame:
# C  [libobjc.A.dylib+0x10dd]  objc_msgSend+0x1d
#
# Failed to write core dump. Core dumps have been disabled. To enable core dumping, try "ulimit -c unlimited" before starting Java again
#
# If you would like to submit a bug report, please visit:
#   http://bugreport.java.com/bugreport/crash.jsp
# The crash happened outside the Java Virtual Machine in native code.
# See problematic frame for where to report the bug.
#

---------------  T H R E A D  ---------------

Current thread (0x00007fd4021e6000):  JavaThread "QuantumRenderer-0" daemon [_thread_in_native, id=17411, stack(0x0000000123902000,0x0000000123a02000)]

siginfo: si_signo: 11 (SIGSEGV), si_code: 1 (SEGV_MAPERR), si_addr: 0x0000000000000018

Registers:
RAX=0x00007fd401c79440, RBX=0x0000000000000000, RCX=0x0000000000000000, RDX=0x00007fd401c82160
RSP=0x0000000123a00e18, RBP=0x0000000123a00e60, RSI=0x00007fff8cca813c, RDI=0x00007fd401c82160
R8 =0x0000000000000002, R9 =0x00007fd401c00000, R10=0x00007fff8cca813c, R11=0x0000000000000000
R12=0x00007fff860390c0, R13=0x0000000000000000, R14=0x00007fd401c79440, R15=0x0000000000000000
RIP=0x00007fff860390dd, EFLAGS=0x0000000000010246, ERR=0x0000000000000004
  TRAPNO=0x000000000000000e

Top of Stack: (sp=0x0000000123a00e18)
0x0000000123a00e18:   00007fff8c59cc9d 0000000000000000
0x0000000123a00e28:   0000000000000000 0000000000000000
0x0000000123a00e38:   0000000000000000 0000000000000000
0x0000000123a00e48:   0000000000000000 00007fff860390c0
0x0000000123a00e58:   0000000000000000 0000000123a00ed0
0x0000000123a00e68:   000000012372d6cb 0000000123a00efc
0x0000000123a00e78:   00007fd401c82160 00007fd401d08320
0x0000000123a00e88:   00007fd401c79440 0000000123a00ed0
0x0000000123a00e98:   000000010afaba8d 76009161034ab764
0x0000000123a00ea8:   000000010b4b0280 00007fd401c79440
0x0000000123a00eb8:   0000000000000000 0000000123a00fb0
0x0000000123a00ec8:   00007fd401c82160 0000000123a00f30
0x0000000123a00ed8:   000000012372d067 00007fd4021e6000
0x0000000123a00ee8:   00000001207c60d8 00007fd4021e6000
0x0000000123a00ef8:   00000001207c60d8 76009161034ab764
0x0000000123a00f08:   00000001207c60d8 0000000000000000
0x0000000123a00f18:   00000001207c60d8 0000000123a00fb0
0x0000000123a00f28:   00007fd4021e6000 0000000123a00f90
0x0000000123a00f38:   000000010bd85954 000000010bd91823
0x0000000123a00f48:   000000010bd856a2 0000000123a00f50
0x0000000123a00f58:   00000001207c60d8 0000000123a00fb0
0x0000000123a00f68:   00000001207d10a0 0000000000000000
0x0000000123a00f78:   00000001207c60d8 0000000000000000
0x0000000123a00f88:   0000000123a00fb0 0000000123a01000
0x0000000123a00f98:   000000010bd77760 0000000795b82208
0x0000000123a00fa8:   000000010bd7f577 0000000795b965d0
0x0000000123a00fb8:   0000000795b94b80 0000000123a00fc0
0x0000000123a00fc8:   00000001207c67e1 0000000123a01028
0x0000000123a00fd8:   00000001207d10a0 0000000000000000
0x0000000123a00fe8:   00000001207c6810 0000000123a00fb0
0x0000000123a00ff8:   0000000123a01018 0000000123a01070
0x0000000123a01008:   000000010bd77420 0000000795b965d0 

Instructions: (pc=0x00007fff860390dd)
0x00007fff860390bd:   00 00 00 48 85 ff 2e 74 7a 40 f6 c7 01 2e 75 7e
0x00007fff860390cd:   49 bb f8 ff ff ff ff 7f 00 00 4c 23 1f 49 89 f2
0x00007fff860390dd:   45 23 53 18 49 c1 e2 04 4d 03 53 10 49 3b 32 75
0x00007fff860390ed:   04 41 ff 62 08 49 83 3a 00 74 6a 4d 3b 53 10 74 

Register to memory mapping:

RAX=0x00007fd401c79440 is an unknown value
RBX=0x0000000000000000 is an unknown value
RCX=0x0000000000000000 is an unknown value
RDX=0x00007fd401c82160 is an unknown value
RSP=0x0000000123a00e18 is pointing into the stack for thread: 0x00007fd4021e6000
RBP=0x0000000123a00e60 is pointing into the stack for thread: 0x00007fd4021e6000
RSI=0x00007fff8cca813c: -[NSTitlebarContainerView shouldRoundCorners]+0x5cd5e in /System/Library/Frameworks/AppKit.framework/Versions/C/AppKit at 0x00007fff8c2d7000
RDI=0x00007fd401c82160 is an unknown value
R8 =0x0000000000000002 is an unknown value
R9 =0x00007fd401c00000 is an unknown value
R10=0x00007fff8cca813c: -[NSTitlebarContainerView shouldRoundCorners]+0x5cd5e in /System/Library/Frameworks/AppKit.framework/Versions/C/AppKit at 0x00007fff8c2d7000
R11=0x0000000000000000 is an unknown value
R12=0x00007fff860390c0: objc_msgSend+0 in /usr/lib/libobjc.A.dylib at 0x00007fff86038000
R13=0x0000000000000000 is an unknown value
R14=0x00007fd401c79440 is an unknown value
R15=0x0000000000000000 is an unknown value


Stack: [0x0000000123902000,0x0000000123a02000],  sp=0x0000000123a00e18,  free space=1019k
Native frames: (J=compiled Java code, j=interpreted, Vv=VM code, C=native code)
C  [libobjc.A.dylib+0x10dd]  objc_msgSend+0x1d
C  [libprism_es2.dylib+0x86cb]  createContext+0x12b
C  [libprism_es2.dylib+0x8067]  Java_com_sun_prism_es2_MacGLFactory_nInitialize+0x77
j  com.sun.prism.es2.MacGLFactory.nInitialize([I)J+0
j  com.sun.prism.es2.MacGLFactory.initialize(Ljava/lang/Class;Lcom/sun/prism/es2/GLPixelFormat$Attributes;)Z+73
j  com.sun.prism.es2.ES2Pipeline.<clinit>()V+49
v  ~StubRoutines::call_stub
V  [libjvm.dylib+0x2eab0e]  JavaCalls::call_helper(JavaValue*, methodHandle*, JavaCallArguments*, Thread*)+0x6ae
V  [libjvm.dylib+0x2bdc69]  InstanceKlass::call_class_initializer_impl(instanceKlassHandle, Thread*)+0xbf
V  [libjvm.dylib+0x2bf171]  InstanceKlass::initialize_impl(instanceKlassHandle, Thread*)+0x4b5
V  [libjvm.dylib+0x2bf407]  InstanceKlass::initialize(Thread*)+0x3d
V  [libjvm.dylib+0x342dd7]  find_class_from_class_loader(JNIEnv_*, Symbol*, unsigned char, Handle, Handle, unsigned char, Thread*)+0x56
V  [libjvm.dylib+0x34d2a2]  JVM_FindClassFromCaller+0x135
C  [libjava.dylib+0x236d]  Java_java_lang_Class_forName0+0x13f
j  java.lang.Class.forName0(Ljava/lang/String;ZLjava/lang/ClassLoader;Ljava/lang/Class;)Ljava/lang/Class;+0
j  java.lang.Class.forName(Ljava/lang/String;)Ljava/lang/Class;+11
j  com.sun.prism.GraphicsPipeline.createPipeline()Lcom/sun/prism/GraphicsPipeline;+232
j  com.sun.javafx.tk.quantum.QuantumRenderer$PipelineRunnable.init()V+0
j  com.sun.javafx.tk.quantum.QuantumRenderer$PipelineRunnable.run()V+1
j  java.lang.Thread.run()V+11
v  ~StubRoutines::call_stub
V  [libjvm.dylib+0x2eab0e]  JavaCalls::call_helper(JavaValue*, methodHandle*, JavaCallArguments*, Thread*)+0x6ae
V  [libjvm.dylib+0x2eb29c]  JavaCalls::call_virtual(JavaValue*, KlassHandle, Symbol*, Symbol*, JavaCallArguments*, Thread*)+0x164
V  [libjvm.dylib+0x2eb448]  JavaCalls::call_virtual(JavaValue*, Handle, KlassHandle, Symbol*, Symbol*, Thread*)+0x4a
V  [libjvm.dylib+0x345965]  thread_entry(JavaThread*, Thread*)+0x7c
V  [libjvm.dylib+0x5612d3]  JavaThread::thread_main_inner()+0x9b
V  [libjvm.dylib+0x5629ce]  JavaThread::run()+0x1c2
V  [libjvm.dylib+0x48343a]  java_start(Thread*)+0xf6
C  [libsystem_pthread.dylib+0x3268]  _pthread_body+0x83
C  [libsystem_pthread.dylib+0x31e5]  _pthread_body+0x0
C  [libsystem_pthread.dylib+0x141d]  thread_start+0xd
C  0x0000000000000000

Java frames: (J=compiled Java code, j=interpreted, Vv=VM code)
j  com.sun.prism.es2.MacGLFactory.nInitialize([I)J+0
j  com.sun.prism.es2.MacGLFactory.initialize(Ljava/lang/Class;Lcom/sun/prism/es2/GLPixelFormat$Attributes;)Z+73
j  com.sun.prism.es2.ES2Pipeline.<clinit>()V+49
v  ~StubRoutines::call_stub
j  java.lang.Class.forName0(Ljava/lang/String;ZLjava/lang/ClassLoader;Ljava/lang/Class;)Ljava/lang/Class;+0
j  java.lang.Class.forName(Ljava/lang/String;)Ljava/lang/Class;+11
j  com.sun.prism.GraphicsPipeline.createPipeline()Lcom/sun/prism/GraphicsPipeline;+232
j  com.sun.javafx.tk.quantum.QuantumRenderer$PipelineRunnable.init()V+0
j  com.sun.javafx.tk.quantum.QuantumRenderer$PipelineRunnable.run()V+1
j  java.lang.Thread.run()V+11
v  ~StubRoutines::call_stub

---------------  P R O C E S S  ---------------

Java Threads: ( => current thread )
=>0x00007fd4021e6000 JavaThread "QuantumRenderer-0" daemon [_thread_in_native, id=17411, stack(0x0000000123902000,0x0000000123a02000)]
  0x00007fd4020cf800 JavaThread "Service Thread" daemon [_thread_blocked, id=16387, stack(0x0000000123459000,0x0000000123559000)]
  0x00007fd402841000 JavaThread "C1 CompilerThread1" daemon [_thread_blocked, id=15875, stack(0x0000000123356000,0x0000000123456000)]
  0x00007fd402838000 JavaThread "C2 CompilerThread0" daemon [_thread_blocked, id=15363, stack(0x0000000123253000,0x0000000123353000)]
  0x00007fd40284e000 JavaThread "Signal Dispatcher" daemon [_thread_blocked, id=11279, stack(0x0000000123150000,0x0000000123250000)]
  0x00007fd40280a000 JavaThread "Finalizer" daemon [_thread_blocked, id=9987, stack(0x00000001218a4000,0x00000001219a4000)]
  0x00007fd402809000 JavaThread "Reference Handler" daemon [_thread_blocked, id=9475, stack(0x00000001217a1000,0x00000001218a1000)]
  0x00007fd40200d800 JavaThread "main" [_thread_blocked, id=5895, stack(0x000000010bc18000,0x000000010bd18000)]

Other Threads:
  0x00007fd402069800 VMThread [stack: 0x000000012169e000,0x000000012179e000] [id=5383]
  0x00007fd40203f800 WatcherThread [stack: 0x000000012355c000,0x000000012365c000] [id=16899]

VM state:not at safepoint (normal execution)

VM Mutex/Monitor currently owned by a thread: None

Heap:
 PSYoungGen      total 38400K, used 6657K [0x0000000795580000, 0x0000000798000000, 0x00000007c0000000)
  eden space 33280K, 20% used [0x0000000795580000,0x0000000795c00610,0x0000000797600000)
  from space 5120K, 0% used [0x0000000797b00000,0x0000000797b00000,0x0000000798000000)
  to   space 5120K, 0% used [0x0000000797600000,0x0000000797600000,0x0000000797b00000)
 ParOldGen       total 87552K, used 0K [0x0000000740000000, 0x0000000745580000, 0x0000000795580000)
  object space 87552K, 0% used [0x0000000740000000,0x0000000740000000,0x0000000745580000)
 Metaspace       used 5793K, capacity 5974K, committed 6144K, reserved 1056768K
  class space    used 642K, capacity 726K, committed 768K, reserved 1048576K

Card table byte_map: [0x000000011b600000,0x000000011ba01000] byte_map_base: 0x0000000117c00000

Marking Bits: (ParMarkBitMap*) 0x000000010b56ce20
 Begin Bits: [0x000000011beb2000, 0x000000011deb2000)
 End Bits:   [0x000000011deb2000, 0x000000011feb2000)

Polling page: 0x000000010bd5d000

CodeCache: size=245760Kb used=1834Kb max_used=1834Kb free=243925Kb
 bounds [0x000000010bd70000, 0x000000010bfe0000, 0x000000011ad70000]
 total_blobs=693 nmethods=381 adapters=226
 compilation: enabled

Compilation events (10 events):
Event: 1.269 Thread 0x00007fd402841000  377       1       java.util.jar.Manifest::getMainAttributes (5 bytes)
Event: 1.269 Thread 0x00007fd402841000 nmethod 377 0x000000010bf36090 code [0x000000010bf361e0, 0x000000010bf362f0]
Event: 1.269 Thread 0x00007fd402841000  378       1       sun.misc.URLClassPath$Loader::getBaseURL (5 bytes)
Event: 1.269 Thread 0x00007fd402841000 nmethod 378 0x000000010bf35dd0 code [0x000000010bf35f20, 0x000000010bf36030]
Event: 1.269 Thread 0x00007fd402841000  379       3       java.util.jar.JarFile::maybeInstantiateVerifier (96 bytes)
Event: 1.270 Thread 0x00007fd402841000 nmethod 379 0x000000010bf348d0 code [0x000000010bf34b00, 0x000000010bf35788]
Event: 1.270 Thread 0x00007fd402841000  380  s    3       sun.misc.Resource::cachedInputStream (20 bytes)
Event: 1.270 Thread 0x00007fd402841000 nmethod 380 0x000000010bf3a950 code [0x000000010bf3aac0, 0x000000010bf3aea8]
Event: 1.270 Thread 0x00007fd402841000  381       1       java.util.jar.JarFile::access$300 (5 bytes)
Event: 1.271 Thread 0x00007fd402841000 nmethod 381 0x000000010bf34590 code [0x000000010bf346e0, 0x000000010bf347d0]

GC Heap History (0 events):
No events

Deoptimization events (1 events):
Event: 0.544 Thread 0x00007fd40200d800 Uncommon trap: reason=unstable_if action=reinterpret pc=0x000000010be9aeac method=java.lang.String.hashCode()I @ 14

Internal exceptions (9 events):
Event: 0.047 Thread 0x00007fd40200d800 Exception <a 'java/lang/NoSuchMethodError': Method sun.misc.Unsafe.defineClass(Ljava/lang/String;[BII)Ljava/lang/Class; name or signature does not match> (0x0000000795592f10) thrown at [/Users/java_re/workspace/8-2-build-macosx-x86_64/jdk8u60/4407/hotspot
Event: 0.047 Thread 0x00007fd40200d800 Exception <a 'java/lang/NoSuchMethodError': Method sun.misc.Unsafe.prefetchRead(Ljava/lang/Object;J)V name or signature does not match> (0x00000007955931f8) thrown at [/Users/java_re/workspace/8-2-build-macosx-x86_64/jdk8u60/4407/hotspot/src/share/vm/prim
Event: 0.791 Thread 0x00007fd40200d800 Exception <a 'java/lang/NoSuchFieldError': method resolution failed> (0x0000000795913ec8) thrown at [/Users/java_re/workspace/8-2-build-macosx-x86_64/jdk8u60/4407/hotspot/src/share/vm/prims/methodHandles.cpp, line 1146]
Event: 0.799 Thread 0x00007fd40200d800 Exception <a 'java/lang/NoSuchFieldError': method resolution failed> (0x0000000795921218) thrown at [/Users/java_re/workspace/8-2-build-macosx-x86_64/jdk8u60/4407/hotspot/src/share/vm/prims/methodHandles.cpp, line 1146]
Event: 0.863 Thread 0x00007fd40200d800 Exception <a 'java/security/PrivilegedActionException'> (0x00000007959aee30) thrown at [/Users/java_re/workspace/8-2-build-macosx-x86_64/jdk8u60/4407/hotspot/src/share/vm/prims/jvm.cpp, line 1386]
Event: 0.863 Thread 0x00007fd40200d800 Exception <a 'java/security/PrivilegedActionException'> (0x00000007959af040) thrown at [/Users/java_re/workspace/8-2-build-macosx-x86_64/jdk8u60/4407/hotspot/src/share/vm/prims/jvm.cpp, line 1386]
Event: 0.863 Thread 0x00007fd40200d800 Exception <a 'java/security/PrivilegedActionException'> (0x00000007959b22e0) thrown at [/Users/java_re/workspace/8-2-build-macosx-x86_64/jdk8u60/4407/hotspot/src/share/vm/prims/jvm.cpp, line 1386]
Event: 0.863 Thread 0x00007fd40200d800 Exception <a 'java/security/PrivilegedActionException'> (0x00000007959b24f0) thrown at [/Users/java_re/workspace/8-2-build-macosx-x86_64/jdk8u60/4407/hotspot/src/share/vm/prims/jvm.cpp, line 1386]
Event: 0.863 Thread 0x00007fd40200d800 Exception <a 'java/lang/NullPointerException'> (0x00000007959b2ce0) thrown at [/Users/java_re/workspace/8-2-build-macosx-x86_64/jdk8u60/4407/hotspot/src/share/vm/interpreter/linkResolver.cpp, line 1178]

Events (10 events):
Event: 1.269 loading class com/sun/prism/es2/MacGLContext
Event: 1.269 loading class com/sun/prism/es2/MacGLContext done
Event: 1.269 loading class com/sun/prism/es2/GLDrawable
Event: 1.269 loading class com/sun/prism/es2/GLDrawable done
Event: 1.269 loading class com/sun/prism/es2/MacGLDrawable
Event: 1.269 loading class com/sun/prism/es2/MacGLDrawable done
Event: 1.270 loading class com/sun/prism/es2/MacGLPixelFormat
Event: 1.270 loading class com/sun/prism/es2/MacGLPixelFormat done
Event: 1.270 loading class com/sun/prism/es2/GLGPUInfo
Event: 1.270 loading class com/sun/prism/es2/GLGPUInfo done


Dynamic libraries:
0x00000000032b2000 	/System/Library/Frameworks/Cocoa.framework/Versions/A/Cocoa
0x00000000032b2000 	/System/Library/Frameworks/Security.framework/Versions/A/Security
0x00000000032b2000 	/System/Library/Frameworks/ApplicationServices.framework/Versions/A/ApplicationServices
0x00000000032b2000 	/usr/lib/libz.1.dylib
0x00000000032b2000 	/usr/lib/libSystem.B.dylib
0x00000000032b2000 	/usr/lib/libobjc.A.dylib
0x00000000032b2000 	/System/Library/Frameworks/CoreFoundation.framework/Versions/A/CoreFoundation
0x00000000032b2000 	/System/Library/Frameworks/Foundation.framework/Versions/C/Foundation
0x00000000032b2000 	/System/Library/Frameworks/AppKit.framework/Versions/C/AppKit
0x00000000032b2000 	/System/Library/Frameworks/CoreData.framework/Versions/A/CoreData
0x00000000032b2000 	/System/Library/PrivateFrameworks/RemoteViewServices.framework/Versions/A/RemoteViewServices
0x00000000032b2000 	/System/Library/PrivateFrameworks/UIFoundation.framework/Versions/A/UIFoundation
0x00000000032b2000 	/System/Library/Frameworks/IOSurface.framework/Versions/A/IOSurface
0x00000000032b2000 	/System/Library/Frameworks/AudioToolbox.framework/Versions/A/AudioToolbox
0x00000000032b2000 	/System/Library/Frameworks/AudioUnit.framework/Versions/A/AudioUnit
0x00000000032b2000 	/System/Library/PrivateFrameworks/DataDetectorsCore.framework/Versions/A/DataDetectorsCore
0x00000000032b2000 	/System/Library/PrivateFrameworks/DesktopServicesPriv.framework/Versions/A/DesktopServicesPriv
0x00000000032b2000 	/System/Library/Frameworks/Carbon.framework/Versions/A/Frameworks/HIToolbox.framework/Versions/A/HIToolbox
0x00000000032b2000 	/System/Library/Frameworks/QuartzCore.framework/Versions/A/QuartzCore
0x00000000032b2000 	/System/Library/Frameworks/Carbon.framework/Versions/A/Frameworks/SpeechRecognition.framework/Versions/A/SpeechRecognition
0x00000000032b2000 	/usr/lib/libauto.dylib
0x00000000032b2000 	/usr/lib/libicucore.A.dylib
0x00000000032b2000 	/usr/lib/libxml2.2.dylib
0x00000000032b2000 	/System/Library/PrivateFrameworks/CoreUI.framework/Versions/A/CoreUI
0x00000000032b2000 	/System/Library/Frameworks/CoreAudio.framework/Versions/A/CoreAudio
0x00000000032b2000 	/System/Library/Frameworks/DiskArbitration.framework/Versions/A/DiskArbitration
0x00000000032b2000 	/usr/lib/liblangid.dylib
0x00000000032b2000 	/System/Library/PrivateFrameworks/MultitouchSupport.framework/Versions/A/MultitouchSupport
0x00000000032b2000 	/System/Library/Frameworks/IOKit.framework/Versions/A/IOKit
0x00000000032b2000 	/usr/lib/libDiagnosticMessagesClient.dylib
0x00000000032b2000 	/System/Library/Frameworks/CoreServices.framework/Versions/A/CoreServices
0x00000000032b2000 	/System/Library/PrivateFrameworks/PerformanceAnalysis.framework/Versions/A/PerformanceAnalysis
0x00000000032b2000 	/System/Library/PrivateFrameworks/GenerationalStorage.framework/Versions/A/GenerationalStorage
0x00000000032b2000 	/System/Library/Frameworks/OpenGL.framework/Versions/A/OpenGL
0x00000000032b2000 	/System/Library/PrivateFrameworks/Sharing.framework/Versions/A/Sharing
0x00000000032b2000 	/System/Library/Frameworks/CoreGraphics.framework/Versions/A/CoreGraphics
0x00000000032b2000 	/System/Library/Frameworks/CoreText.framework/Versions/A/CoreText
0x00000000032b2000 	/System/Library/Frameworks/ImageIO.framework/Versions/A/ImageIO
0x00000000032b2000 	/usr/lib/libextension.dylib
0x00000000032b2000 	/System/Library/PrivateFrameworks/Backup.framework/Versions/A/Backup
0x00000000032b2000 	/usr/lib/libarchive.2.dylib
0x00000000032b2000 	/System/Library/Frameworks/CFNetwork.framework/Versions/A/CFNetwork
0x00000000032b2000 	/System/Library/Frameworks/SystemConfiguration.framework/Versions/A/SystemConfiguration
0x00000000032b2000 	/usr/lib/libCRFSuite.dylib
0x00000000032b2000 	/usr/lib/libc++.1.dylib
0x00000000032b2000 	/usr/lib/libc++abi.dylib
0x00000000032b2000 	/usr/lib/system/libcache.dylib
0x00000000032b2000 	/usr/lib/system/libcommonCrypto.dylib
0x00000000032b2000 	/usr/lib/system/libcompiler_rt.dylib
0x00000000032b2000 	/usr/lib/system/libcopyfile.dylib
0x00000000032b2000 	/usr/lib/system/libcorecrypto.dylib
0x00000000032b2000 	/usr/lib/system/libdispatch.dylib
0x00000000032b2000 	/usr/lib/system/libdyld.dylib
0x00000000032b2000 	/usr/lib/system/libkeymgr.dylib
0x00000000032b2000 	/usr/lib/system/liblaunch.dylib
0x00000000032b2000 	/usr/lib/system/libmacho.dylib
0x00000000032b2000 	/usr/lib/system/libquarantine.dylib
0x00000000032b2000 	/usr/lib/system/libremovefile.dylib
0x00000000032b2000 	/usr/lib/system/libsystem_asl.dylib
0x00000000032b2000 	/usr/lib/system/libsystem_blocks.dylib
0x00000000032b2000 	/usr/lib/system/libsystem_c.dylib
0x00000000032b2000 	/usr/lib/system/libsystem_configuration.dylib
0x00000000032b2000 	/usr/lib/system/libsystem_coreservices.dylib
0x00000000032b2000 	/usr/lib/system/libsystem_coretls.dylib
0x00000000032b2000 	/usr/lib/system/libsystem_dnssd.dylib
0x00000000032b2000 	/usr/lib/system/libsystem_info.dylib
0x00000000032b2000 	/usr/lib/system/libsystem_kernel.dylib
0x00000000032b2000 	/usr/lib/system/libsystem_m.dylib
0x00000000032b2000 	/usr/lib/system/libsystem_malloc.dylib
0x00000000032b2000 	/usr/lib/system/libsystem_network.dylib
0x00000000032b2000 	/usr/lib/system/libsystem_networkextension.dylib
0x00000000032b2000 	/usr/lib/system/libsystem_notify.dylib
0x00000000032b2000 	/usr/lib/system/libsystem_platform.dylib
0x00000000032b2000 	/usr/lib/system/libsystem_pthread.dylib
0x00000000032b2000 	/usr/lib/system/libsystem_sandbox.dylib
0x00000000032b2000 	/usr/lib/system/libsystem_secinit.dylib
0x00000000032b2000 	/usr/lib/system/libsystem_stats.dylib
0x00000000032b2000 	/usr/lib/system/libsystem_trace.dylib
0x00000000032b2000 	/usr/lib/system/libunc.dylib
0x00000000032b2000 	/usr/lib/system/libunwind.dylib
0x00000000032b2000 	/usr/lib/system/libxpc.dylib
0x00000000032b2000 	/usr/lib/libbz2.1.0.dylib
0x00000000032b2000 	/usr/lib/liblzma.5.dylib
0x00000000032b2000 	/usr/lib/libbsm.0.dylib
0x00000000032b2000 	/usr/lib/libsqlite3.dylib
0x00000000032b2000 	/usr/lib/system/libkxld.dylib
0x00000000032b2000 	/usr/lib/libxar.1.dylib
0x00000000032b2000 	/usr/lib/libpam.2.dylib
0x00000000032b2000 	/usr/lib/libOpenScriptingUtil.dylib
0x00000000032b2000 	/System/Library/Frameworks/CoreServices.framework/Versions/A/Frameworks/FSEvents.framework/Versions/A/FSEvents
0x00000000032b2000 	/System/Library/Frameworks/CoreServices.framework/Versions/A/Frameworks/CarbonCore.framework/Versions/A/CarbonCore
0x00000000032b2000 	/System/Library/Frameworks/CoreServices.framework/Versions/A/Frameworks/Metadata.framework/Versions/A/Metadata
0x00000000032b2000 	/System/Library/Frameworks/CoreServices.framework/Versions/A/Frameworks/OSServices.framework/Versions/A/OSServices
0x00000000032b2000 	/System/Library/Frameworks/CoreServices.framework/Versions/A/Frameworks/SearchKit.framework/Versions/A/SearchKit
0x00000000032b2000 	/System/Library/Frameworks/CoreServices.framework/Versions/A/Frameworks/AE.framework/Versions/A/AE
0x00000000032b2000 	/System/Library/Frameworks/CoreServices.framework/Versions/A/Frameworks/LaunchServices.framework/Versions/A/LaunchServices
0x00000000032b2000 	/System/Library/Frameworks/CoreServices.framework/Versions/A/Frameworks/DictionaryServices.framework/Versions/A/DictionaryServices
0x00000000032b2000 	/System/Library/Frameworks/NetFS.framework/Versions/A/NetFS
0x00000000032b2000 	/System/Library/PrivateFrameworks/NetAuth.framework/Versions/A/NetAuth
0x00000000032b2000 	/System/Library/PrivateFrameworks/login.framework/Versions/A/Frameworks/loginsupport.framework/Versions/A/loginsupport
0x00000000032b2000 	/System/Library/PrivateFrameworks/TCC.framework/Versions/A/TCC
0x00000000032b2000 	/usr/lib/libmecabra.dylib
0x00000000032b2000 	/System/Library/Frameworks/ApplicationServices.framework/Versions/A/Frameworks/ATS.framework/Versions/A/ATS
0x00000000032b2000 	/System/Library/Frameworks/ApplicationServices.framework/Versions/A/Frameworks/ColorSync.framework/Versions/A/ColorSync
0x00000000032b2000 	/System/Library/Frameworks/ApplicationServices.framework/Versions/A/Frameworks/HIServices.framework/Versions/A/HIServices
0x00000000032b2000 	/System/Library/Frameworks/ApplicationServices.framework/Versions/A/Frameworks/LangAnalysis.framework/Versions/A/LangAnalysis
0x00000000032b2000 	/System/Library/Frameworks/ApplicationServices.framework/Versions/A/Frameworks/PrintCore.framework/Versions/A/PrintCore
0x00000000032b2000 	/System/Library/Frameworks/ApplicationServices.framework/Versions/A/Frameworks/QD.framework/Versions/A/QD
0x00000000032b2000 	/System/Library/Frameworks/ApplicationServices.framework/Versions/A/Frameworks/SpeechSynthesis.framework/Versions/A/SpeechSynthesis
0x00000000032b2000 	/System/Library/Frameworks/Accelerate.framework/Versions/A/Accelerate
0x00000000032b2000 	/System/Library/Frameworks/Accelerate.framework/Versions/A/Frameworks/vImage.framework/Versions/A/vImage
0x00000000032b2000 	/System/Library/Frameworks/Accelerate.framework/Versions/A/Frameworks/vecLib.framework/Versions/A/vecLib
0x00000000032b2000 	/System/Library/Frameworks/Accelerate.framework/Versions/A/Frameworks/vecLib.framework/Versions/A/libvDSP.dylib
0x00000000032b2000 	/System/Library/Frameworks/Accelerate.framework/Versions/A/Frameworks/vecLib.framework/Versions/A/libvMisc.dylib
0x00000000032b2000 	/System/Library/Frameworks/Accelerate.framework/Versions/A/Frameworks/vecLib.framework/Versions/A/libLAPACK.dylib
0x00000000032b2000 	/System/Library/Frameworks/Accelerate.framework/Versions/A/Frameworks/vecLib.framework/Versions/A/libBLAS.dylib
0x00000000032b2000 	/System/Library/Frameworks/Accelerate.framework/Versions/A/Frameworks/vecLib.framework/Versions/A/libLinearAlgebra.dylib
0x00000000032b2000 	/System/Library/Frameworks/ApplicationServices.framework/Versions/A/Frameworks/ATS.framework/Versions/A/Resources/libFontParser.dylib
0x00000000032b2000 	/System/Library/Frameworks/ApplicationServices.framework/Versions/A/Frameworks/ATS.framework/Versions/A/Resources/libFontRegistry.dylib
0x00000000032b2000 	/System/Library/PrivateFrameworks/AppleVPA.framework/Versions/A/AppleVPA
0x00000000032b2000 	/System/Library/PrivateFrameworks/AppleJPEG.framework/Versions/A/AppleJPEG
0x00000000032b2000 	/System/Library/Frameworks/ImageIO.framework/Versions/A/Resources/libJPEG.dylib
0x00000000032b2000 	/System/Library/Frameworks/ImageIO.framework/Versions/A/Resources/libTIFF.dylib
0x00000000032b2000 	/System/Library/Frameworks/ImageIO.framework/Versions/A/Resources/libPng.dylib
0x00000000032b2000 	/System/Library/Frameworks/ImageIO.framework/Versions/A/Resources/libGIF.dylib
0x00000000032b2000 	/System/Library/Frameworks/ImageIO.framework/Versions/A/Resources/libJP2.dylib
0x00000000032b2000 	/System/Library/Frameworks/ImageIO.framework/Versions/A/Resources/libRadiance.dylib
0x00000000032b2000 	/System/Library/Frameworks/CoreVideo.framework/Versions/A/CoreVideo
0x00000000032b2000 	/System/Library/Frameworks/OpenGL.framework/Versions/A/Libraries/libGLU.dylib
0x00000000032b2000 	/System/Library/Frameworks/OpenGL.framework/Versions/A/Libraries/libGFXShared.dylib
0x00000000032b2000 	/System/Library/Frameworks/OpenGL.framework/Versions/A/Libraries/libGL.dylib
0x00000000032b2000 	/System/Library/Frameworks/OpenGL.framework/Versions/A/Libraries/libGLImage.dylib
0x00000000032b2000 	/System/Library/Frameworks/OpenGL.framework/Versions/A/Libraries/libCVMSPluginSupport.dylib
0x00000000032b2000 	/System/Library/Frameworks/OpenGL.framework/Versions/A/Libraries/libCoreVMClient.dylib
0x00000000032b2000 	/usr/lib/libcups.2.dylib
0x00000000032b2000 	/System/Library/Frameworks/Kerberos.framework/Versions/A/Kerberos
0x00000000032b2000 	/System/Library/Frameworks/GSS.framework/Versions/A/GSS
0x00000000032b2000 	/usr/lib/libresolv.9.dylib
0x00000000032b2000 	/usr/lib/libiconv.2.dylib
0x00000000032b2000 	/System/Library/PrivateFrameworks/Heimdal.framework/Versions/A/Heimdal
0x00000000032b2000 	/usr/lib/libheimdal-asn1.dylib
0x00000000032b2000 	/System/Library/Frameworks/OpenDirectory.framework/Versions/A/OpenDirectory
0x00000000032b2000 	/System/Library/PrivateFrameworks/CommonAuth.framework/Versions/A/CommonAuth
0x00000000032b2000 	/System/Library/Frameworks/OpenDirectory.framework/Versions/A/Frameworks/CFOpenDirectory.framework/Versions/A/CFOpenDirectory
0x00000000032b2000 	/System/Library/Frameworks/SecurityFoundation.framework/Versions/A/SecurityFoundation
0x00000000032b2000 	/System/Library/PrivateFrameworks/LanguageModeling.framework/Versions/A/LanguageModeling
0x00000000032b2000 	/usr/lib/libcmph.dylib
0x00000000032b2000 	/System/Library/Frameworks/ServiceManagement.framework/Versions/A/ServiceManagement
0x00000000032b2000 	/usr/lib/libxslt.1.dylib
0x00000000032b2000 	/System/Library/Frameworks/Carbon.framework/Versions/A/Frameworks/Ink.framework/Versions/A/Ink
0x00000000032b2000 	/System/Library/Frameworks/QuartzCore.framework/Versions/A/Frameworks/CoreImage.framework/Versions/A/CoreImage
0x00000000032b2000 	/System/Library/PrivateFrameworks/CrashReporterSupport.framework/Versions/A/CrashReporterSupport
0x00000000032b2000 	/System/Library/Frameworks/OpenCL.framework/Versions/A/OpenCL
0x00000000032b2000 	/System/Library/PrivateFrameworks/FaceCore.framework/Versions/A/FaceCore
0x00000000032b2000 	/System/Library/PrivateFrameworks/Ubiquity.framework/Versions/A/Ubiquity
0x00000000032b2000 	/System/Library/PrivateFrameworks/IconServices.framework/Versions/A/IconServices
0x00000000032b2000 	/System/Library/PrivateFrameworks/ChunkingLibrary.framework/Versions/A/ChunkingLibrary
0x00000000032b2000 	/System/Library/PrivateFrameworks/Apple80211.framework/Versions/A/Apple80211
0x00000000032b2000 	/System/Library/Frameworks/CoreWLAN.framework/Versions/A/CoreWLAN
0x00000000032b2000 	/System/Library/Frameworks/IOBluetooth.framework/Versions/A/IOBluetooth
0x00000000032b2000 	/System/Library/PrivateFrameworks/CoreWiFi.framework/Versions/A/CoreWiFi
0x00000000032b2000 	/System/Library/Frameworks/CoreBluetooth.framework/Versions/A/CoreBluetooth
0x00000000032b2000 	/System/Library/PrivateFrameworks/DebugSymbols.framework/Versions/A/DebugSymbols
0x00000000032b2000 	/System/Library/PrivateFrameworks/CoreSymbolication.framework/Versions/A/CoreSymbolication
0x00000000032b2000 	/System/Library/PrivateFrameworks/Symbolication.framework/Versions/A/Symbolication
0x00000000032b2000 	/System/Library/PrivateFrameworks/SpeechRecognitionCore.framework/Versions/A/SpeechRecognitionCore
0x000000010ac8e000 	/Library/Java/JavaVirtualMachines/jdk1.8.0_60.jdk/Contents/Home/jre/lib/server/libjvm.dylib
0x00000000032b2000 	/usr/lib/libstdc++.6.dylib
0x000000010bd1a000 	/Library/Java/JavaVirtualMachines/jdk1.8.0_60.jdk/Contents/Home/jre/lib/libverify.dylib
0x000000010bd28000 	/Library/Java/JavaVirtualMachines/jdk1.8.0_60.jdk/Contents/Home/jre/lib/libjava.dylib
0x000000010bd67000 	/Library/Java/JavaVirtualMachines/jdk1.8.0_60.jdk/Contents/Home/jre/lib/libzip.dylib
0x000000011b1ea000 	/System/Library/Frameworks/JavaVM.framework/Frameworks/JavaRuntimeSupport.framework/JavaRuntimeSupport
0x00000001219a6000 	/System/Library/Frameworks/JavaVM.framework/Versions/A/Frameworks/JavaNativeFoundation.framework/Versions/A/JavaNativeFoundation
0x00000001219ba000 	/System/Library/Frameworks/JavaVM.framework/Versions/A/JavaVM
0x00000000032b2000 	/System/Library/Frameworks/Carbon.framework/Versions/A/Carbon
0x00000001219c6000 	/System/Library/PrivateFrameworks/JavaLaunching.framework/Versions/A/JavaLaunching
0x00000000032b2000 	/System/Library/Frameworks/Carbon.framework/Versions/A/Frameworks/CommonPanels.framework/Versions/A/CommonPanels
0x00000000032b2000 	/System/Library/Frameworks/Carbon.framework/Versions/A/Frameworks/Help.framework/Versions/A/Help
0x00000000032b2000 	/System/Library/Frameworks/Carbon.framework/Versions/A/Frameworks/ImageCapture.framework/Versions/A/ImageCapture
0x00000000032b2000 	/System/Library/Frameworks/Carbon.framework/Versions/A/Frameworks/OpenScripting.framework/Versions/A/OpenScripting
0x00000000032b2000 	/System/Library/Frameworks/Carbon.framework/Versions/A/Frameworks/Print.framework/Versions/A/Print
0x00000000032b2000 	/System/Library/Frameworks/Carbon.framework/Versions/A/Frameworks/SecurityHI.framework/Versions/A/SecurityHI
0x0000000123725000 	/Library/Java/JavaVirtualMachines/jdk1.8.0_60.jdk/Contents/Home/jre/lib/libprism_es2.dylib
0x00000000032b2000 	/System/Library/Frameworks/OpenGL.framework/Versions/A/Resources/GLEngine.bundle/GLEngine
0x00000000032b2000 	/System/Library/Frameworks/OpenGL.framework/Versions/A/Libraries/libGLProgrammability.dylib
0x00000000032b2000 	/System/Library/Frameworks/OpenGL.framework/Versions/A/Resources/GLRendererFloat.bundle/GLRendererFloat
0x00000000032b2000 	/System/Library/Frameworks/OpenCL.framework/Versions/A/Libraries/libcldcpuengine.dylib
0x00000000032b2000 	/System/Library/PrivateFrameworks/DiskImages.framework/Versions/A/DiskImages
0x00000000032b2000 	/System/Library/Frameworks/DiscRecording.framework/Versions/A/DiscRecording
0x00000000032b2000 	/usr/lib/libcsfde.dylib
0x00000000032b2000 	/usr/lib/libcurl.4.dylib
0x00000000032b2000 	/System/Library/PrivateFrameworks/MediaKit.framework/Versions/A/MediaKit
0x00000000032b2000 	/System/Library/PrivateFrameworks/ProtectedCloudStorage.framework/Versions/A/ProtectedCloudStorage
0x00000000032b2000 	/usr/lib/libCoreStorage.dylib
0x00000000032b2000 	/System/Library/PrivateFrameworks/EFILogin.framework/Versions/A/EFILogin
0x00000000032b2000 	/usr/lib/libutil.dylib
0x00000000032b2000 	/System/Library/PrivateFrameworks/FindMyDevice.framework/Versions/A/FindMyDevice
0x00000000032b2000 	/System/Library/Frameworks/LDAP.framework/Versions/A/LDAP
0x00000000032b2000 	/usr/lib/libsasl2.2.dylib
0x00000000032b2000 	/System/Library/PrivateFrameworks/CoreDaemon.framework/Versions/B/CoreDaemon
0x00000000032b2000 	/usr/lib/libcrypto.0.9.8.dylib
0x00000000032b2000 	/System/Library/PrivateFrameworks/AppleSRP.framework/Versions/A/AppleSRP
0x00000000032b2000 	/System/Library/PrivateFrameworks/TrustEvaluationAgent.framework/Versions/A/TrustEvaluationAgent

VM Arguments:
java_command: Build.jar
java_class_path (initial): Build.jar
Launcher Type: SUN_STANDARD

Environment Variables:
PATH=/usr/local/bin:/usr/bin:/bin:/usr/sbin:/sbin
SHELL=/bin/bash

Signal Handlers:
SIGSEGV: [libjvm.dylib+0x5a6d31], sa_mask[0]=11111111011111110111111111111111, sa_flags=SA_ONSTACK|SA_RESTART|SA_SIGINFO
SIGBUS: [libjvm.dylib+0x5a6d31], sa_mask[0]=11111111011111110111111111111111, sa_flags=SA_RESTART|SA_SIGINFO
SIGFPE: [libjvm.dylib+0x480a4c], sa_mask[0]=11111111011111110111111111111111, sa_flags=SA_RESTART|SA_SIGINFO
SIGPIPE: [libjvm.dylib+0x480a4c], sa_mask[0]=11111111011111110111111111111111, sa_flags=SA_RESTART|SA_SIGINFO
SIGXFSZ: [libjvm.dylib+0x480a4c], sa_mask[0]=11111111011111110111111111111111, sa_flags=SA_RESTART|SA_SIGINFO
SIGILL: [libjvm.dylib+0x480a4c], sa_mask[0]=11111111011111110111111111111111, sa_flags=SA_RESTART|SA_SIGINFO
SIGUSR1: SIG_DFL, sa_mask[0]=11011111011111100000000111000110, sa_flags=none
SIGUSR2: [libjvm.dylib+0x48056a], sa_mask[0]=00000000000000000000000000000000, sa_flags=SA_RESTART|SA_SIGINFO
SIGHUP: [libjvm.dylib+0x47eb41], sa_mask[0]=11111111011111110111111111111111, sa_flags=SA_RESTART|SA_SIGINFO
SIGINT: [libjvm.dylib+0x47eb41], sa_mask[0]=11111111011111110111111111111111, sa_flags=SA_RESTART|SA_SIGINFO
SIGTERM: [libjvm.dylib+0x47eb41], sa_mask[0]=11111111011111110111111111111111, sa_flags=SA_RESTART|SA_SIGINFO
SIGQUIT: [libjvm.dylib+0x47eb41], sa_mask[0]=11111111011111110111111111111111, sa_flags=SA_RESTART|SA_SIGINFO


---------------  S Y S T E M  ---------------

OS:Bsduname:Darwin 14.1.0 Darwin Kernel Version 14.1.0: Mon Dec 22 23:10:38 PST 2014; root:xnu-2782.10.72~2/RELEASE_X86_64 x86_64
rlimit: STACK 8192k, CORE 0k, NPROC 709, NOFILE 10240, AS infinity
load average:3.86 2.62 1.23

CPU:total 2 (1 cores per cpu, 1 threads per core) family 6 model 42 stepping 7, cmov, cx8, fxsr, mmx, sse, sse2, sse3, ssse3, sse4.1, sse4.2, popcnt, avx, aes, clmul, tsc, tscinvbit

Memory: 4k page, physical 8388608k(1615292k free)

/proc/meminfo:


vm_info: Java HotSpot(TM) 64-Bit Server VM (25.60-b23) for bsd-amd64 JRE (1.8.0_60-b27), built on Aug  4 2015 10:47:24 by "java_re" with gcc 4.2.1 (Based on Apple Inc. build 5658) (LLVM build 2336.11.00)

time: Tue Sep  8 00:02:30 2015
elapsed time: 1 seconds (0d 0h 0m 1s)

